{"/home/travis/build/npmtest/node-npmtest-x-ray/test.js":{"path":"/home/travis/build/npmtest/node-npmtest-x-ray/test.js","s":{"1":2,"2":2,"3":2,"4":2,"5":2,"6":2,"7":2,"8":1,"9":2,"10":2,"11":1,"12":1,"13":1,"14":1,"15":2,"16":2,"17":2,"18":2,"19":1,"20":1,"21":2,"22":2,"23":2,"24":1,"25":1,"26":1,"27":1,"28":1,"29":1,"30":1,"31":1,"32":1,"33":1,"34":1,"35":1,"36":1,"37":2,"38":2,"39":1,"40":2,"41":2,"42":1,"43":2,"44":2,"45":1,"46":2,"47":2,"48":1,"49":1,"50":1,"51":1,"52":1},"b":{"1":[2,1,1,1],"2":[1,1,1,1],"3":[1,1],"4":[1,1],"5":[1,1],"6":[1,1],"7":[1,1],"8":[1,1],"9":[1,1,1],"10":[1,1],"11":[1,1],"12":[1,1],"13":[1,1],"14":[1,1],"15":[1,1],"16":[1,1]},"f":{"1":2,"2":2,"3":2,"4":2,"5":2,"6":1,"7":1,"8":2,"9":2,"10":2,"11":2,"12":1},"fnMap":{"1":{"name":"(anonymous_1)","line":12,"loc":{"start":{"line":12,"column":1},"end":{"line":12,"column":13}}},"2":{"name":"(anonymous_2)","line":19,"loc":{"start":{"line":19,"column":5},"end":{"line":19,"column":17}}},"3":{"name":"(anonymous_3)","line":23,"loc":{"start":{"line":23,"column":24},"end":{"line":23,"column":36}}},"4":{"name":"(anonymous_4)","line":61,"loc":{"start":{"line":61,"column":5},"end":{"line":61,"column":17}}},"5":{"name":"(anonymous_5)","line":82,"loc":{"start":{"line":82,"column":5},"end":{"line":82,"column":17}}},"6":{"name":"(anonymous_6)","line":102,"loc":{"start":{"line":102,"column":83},"end":{"line":105,"column":10}},"skip":true},"7":{"name":"(anonymous_7)","line":113,"loc":{"start":{"line":113,"column":77},"end":{"line":116,"column":10}},"skip":true},"8":{"name":"(anonymous_8)","line":129,"loc":{"start":{"line":129,"column":12},"end":{"line":129,"column":40}},"skip":true},"9":{"name":"(anonymous_9)","line":137,"loc":{"start":{"line":137,"column":77},"end":{"line":140,"column":10}},"skip":true},"10":{"name":"(anonymous_10)","line":148,"loc":{"start":{"line":148,"column":83},"end":{"line":151,"column":10}},"skip":true},"11":{"name":"(anonymous_11)","line":159,"loc":{"start":{"line":159,"column":79},"end":{"line":162,"column":10}},"skip":true},"12":{"name":"(anonymous_12)","line":170,"loc":{"start":{"line":170,"column":75},"end":{"line":173,"column":10}},"skip":true}},"statementMap":{"1":{"start":{"line":12,"column":0},"end":{"line":185,"column":5}},"2":{"start":{"line":14,"column":4},"end":{"line":14,"column":14}},"3":{"start":{"line":19,"column":4},"end":{"line":56,"column":9}},"4":{"start":{"line":21,"column":8},"end":{"line":21,"column":19}},"5":{"start":{"line":23,"column":8},"end":{"line":35,"column":13}},"6":{"start":{"line":24,"column":12},"end":{"line":34,"column":13}},"7":{"start":{"line":25,"column":16},"end":{"line":28,"column":30}},"8":{"start":{"line":30,"column":16},"end":{"line":33,"column":27}},"9":{"start":{"line":37,"column":8},"end":{"line":39,"column":21}},"10":{"start":{"line":40,"column":8},"end":{"line":53,"column":9}},"11":{"start":{"line":43,"column":12},"end":{"line":46,"column":14}},"12":{"start":{"line":47,"column":12},"end":{"line":47,"column":18}},"13":{"start":{"line":50,"column":12},"end":{"line":51,"column":46}},"14":{"start":{"line":52,"column":12},"end":{"line":52,"column":18}},"15":{"start":{"line":55,"column":8},"end":{"line":55,"column":35}},"16":{"start":{"line":61,"column":4},"end":{"line":63,"column":9}},"17":{"start":{"line":62,"column":8},"end":{"line":62,"column":15}},"18":{"start":{"line":64,"column":4},"end":{"line":77,"column":5}},"19":{"start":{"line":70,"column":8},"end":{"line":70,"column":14}},"20":{"start":{"line":76,"column":8},"end":{"line":76,"column":14}},"21":{"start":{"line":82,"column":4},"end":{"line":84,"column":9}},"22":{"start":{"line":83,"column":8},"end":{"line":83,"column":15}},"23":{"start":{"line":85,"column":4},"end":{"line":184,"column":5}},"24":{"start":{"line":92,"column":8},"end":{"line":94,"column":63}},"25":{"start":{"line":95,"column":8},"end":{"line":95,"column":14}},"26":{"start":{"line":102,"column":8},"end":{"line":111,"column":10},"skip":true},"27":{"start":{"line":109,"column":12},"end":{"line":109,"column":55},"skip":true},"28":{"start":{"line":110,"column":12},"end":{"line":110,"column":48},"skip":true},"29":{"start":{"line":113,"column":8},"end":{"line":126,"column":10},"skip":true},"30":{"start":{"line":120,"column":12},"end":{"line":120,"column":76},"skip":true},"31":{"start":{"line":121,"column":12},"end":{"line":121,"column":73},"skip":true},"32":{"start":{"line":122,"column":12},"end":{"line":122,"column":74},"skip":true},"33":{"start":{"line":123,"column":12},"end":{"line":123,"column":79},"skip":true},"34":{"start":{"line":124,"column":12},"end":{"line":124,"column":25},"skip":true},"35":{"start":{"line":125,"column":12},"end":{"line":125,"column":45},"skip":true},"36":{"start":{"line":128,"column":8},"end":{"line":135,"column":14},"skip":true},"37":{"start":{"line":133,"column":16},"end":{"line":133,"column":29},"skip":true},"38":{"start":{"line":134,"column":16},"end":{"line":134,"column":55},"skip":true},"39":{"start":{"line":137,"column":8},"end":{"line":146,"column":10},"skip":true},"40":{"start":{"line":144,"column":12},"end":{"line":144,"column":25},"skip":true},"41":{"start":{"line":145,"column":12},"end":{"line":145,"column":45},"skip":true},"42":{"start":{"line":148,"column":8},"end":{"line":157,"column":10},"skip":true},"43":{"start":{"line":155,"column":12},"end":{"line":155,"column":25},"skip":true},"44":{"start":{"line":156,"column":12},"end":{"line":156,"column":48},"skip":true},"45":{"start":{"line":159,"column":8},"end":{"line":168,"column":10},"skip":true},"46":{"start":{"line":166,"column":12},"end":{"line":166,"column":25},"skip":true},"47":{"start":{"line":167,"column":12},"end":{"line":167,"column":46},"skip":true},"48":{"start":{"line":170,"column":8},"end":{"line":179,"column":10},"skip":true},"49":{"start":{"line":177,"column":12},"end":{"line":177,"column":94},"skip":true},"50":{"start":{"line":178,"column":12},"end":{"line":178,"column":48},"skip":true},"51":{"start":{"line":182,"column":8},"end":{"line":182,"column":35},"skip":true},"52":{"start":{"line":183,"column":8},"end":{"line":183,"column":14},"skip":true}},"branchMap":{"1":{"line":25,"type":"binary-expr","locations":[{"start":{"line":25,"column":23},"end":{"line":25,"column":62}},{"start":{"line":26,"column":20},"end":{"line":26,"column":70}},{"start":{"line":27,"column":20},"end":{"line":27,"column":71}},{"start":{"line":28,"column":20},"end":{"line":28,"column":29}}]},"2":{"line":30,"type":"binary-expr","locations":[{"start":{"line":30,"column":23},"end":{"line":30,"column":37}},{"start":{"line":31,"column":20},"end":{"line":31,"column":61}},{"start":{"line":32,"column":20},"end":{"line":32,"column":70}},{"start":{"line":33,"column":20},"end":{"line":33,"column":26}}]},"3":{"line":37,"type":"cond-expr","locations":[{"start":{"line":38,"column":14},"end":{"line":38,"column":20}},{"start":{"line":39,"column":14},"end":{"line":39,"column":20}}]},"4":{"line":40,"type":"switch","locations":[{"start":{"line":42,"column":8},"end":{"line":47,"column":18}},{"start":{"line":49,"column":8},"end":{"line":52,"column":18}}]},"5":{"line":44,"type":"binary-expr","locations":[{"start":{"line":44,"column":16},"end":{"line":44,"column":44}},{"start":{"line":44,"column":48},"end":{"line":44,"column":66}}]},"6":{"line":50,"type":"binary-expr","locations":[{"start":{"line":50,"column":21},"end":{"line":50,"column":49}},{"start":{"line":50,"column":53},"end":{"line":50,"column":72}}]},"7":{"line":64,"type":"switch","locations":[{"start":{"line":69,"column":4},"end":{"line":70,"column":14}},{"start":{"line":75,"column":4},"end":{"line":76,"column":14}}]},"8":{"line":85,"type":"switch","locations":[{"start":{"line":90,"column":4},"end":{"line":95,"column":14}},{"start":{"line":101,"column":4},"end":{"line":183,"column":14},"skip":true}]},"9":{"line":92,"type":"binary-expr","locations":[{"start":{"line":92,"column":18},"end":{"line":92,"column":32}},{"start":{"line":93,"column":12},"end":{"line":93,"column":53}},{"start":{"line":94,"column":12},"end":{"line":94,"column":61}}]},"10":{"line":102,"type":"binary-expr","locations":[{"start":{"line":102,"column":45},"end":{"line":102,"column":79},"skip":true},{"start":{"line":102,"column":83},"end":{"line":111,"column":9},"skip":true}]},"11":{"line":113,"type":"binary-expr","locations":[{"start":{"line":113,"column":42},"end":{"line":113,"column":73},"skip":true},{"start":{"line":113,"column":77},"end":{"line":126,"column":9},"skip":true}]},"12":{"line":128,"type":"binary-expr","locations":[{"start":{"line":128,"column":48},"end":{"line":128,"column":85},"skip":true},{"start":{"line":129,"column":12},"end":{"line":135,"column":13},"skip":true}]},"13":{"line":137,"type":"binary-expr","locations":[{"start":{"line":137,"column":42},"end":{"line":137,"column":73},"skip":true},{"start":{"line":137,"column":77},"end":{"line":146,"column":9},"skip":true}]},"14":{"line":148,"type":"binary-expr","locations":[{"start":{"line":148,"column":45},"end":{"line":148,"column":79},"skip":true},{"start":{"line":148,"column":83},"end":{"line":157,"column":9},"skip":true}]},"15":{"line":159,"type":"binary-expr","locations":[{"start":{"line":159,"column":43},"end":{"line":159,"column":75},"skip":true},{"start":{"line":159,"column":79},"end":{"line":168,"column":9},"skip":true}]},"16":{"line":170,"type":"binary-expr","locations":[{"start":{"line":170,"column":41},"end":{"line":170,"column":71},"skip":true},{"start":{"line":170,"column":75},"end":{"line":179,"column":9},"skip":true}]}},"code":["/* istanbul instrument in package npmtest_x_ray */","/*jslint","    bitwise: true,","    browser: true,","    maxerr: 8,","    maxlen: 96,","    node: true,","    nomen: true,","    regexp: true,","    stupid: true","*/","(function () {","    'use strict';","    var local;","","","","    // run shared js-env code - pre-init","    (function () {","        // init local","        local = {};","        // init modeJs","        local.modeJs = (function () {","            try {","                return typeof navigator.userAgent === 'string' &&","                    typeof document.querySelector('body') === 'object' &&","                    typeof XMLHttpRequest.prototype.open === 'function' &&","                    'browser';","            } catch (errorCaughtBrowser) {","                return module.exports &&","                    typeof process.versions.node === 'string' &&","                    typeof require('http').createServer === 'function' &&","                    'node';","            }","        }());","        // init global","        local.global = local.modeJs === 'browser'","            ? window","            : global;","        switch (local.modeJs) {","        // re-init local from window.local","        case 'browser':","            local = local.global.utility2.objectSetDefault(","                local.global.utility2_rollup || local.global.local,","                local.global.utility2","            );","            break;","        // re-init local from example.js","        case 'node':","            local = (local.global.utility2_rollup || require('utility2'))","                .requireExampleJsFromReadme();","            break;","        }","        // export local","        local.global.local = local;","    }());","","","","    // run shared js-env code - function","    (function () {","        return;","    }());","    switch (local.modeJs) {","","","","    // run browser js-env code - function","    case 'browser':","        break;","","","","    // run node js-env code - function","    case 'node':","        break;","    }","","","","    // run shared js-env code - post-init","    (function () {","        return;","    }());","    switch (local.modeJs) {","","","","    // run browser js-env code - post-init","    case 'browser':","        // run tests","        local.nop(local.modeTest &&","            document.querySelector('#testRunButton1') &&","            document.querySelector('#testRunButton1').click());","        break;","","","","    // run node js-env code - post-init","    /* istanbul ignore next */","    case 'node':","        local.testCase_buildApidoc_default = local.testCase_buildApidoc_default || function (","            options,","            onError","        ) {","        /*","         * this function will test buildApidoc's default handling-behavior-behavior","         */","            options = { modulePathList: module.paths };","            local.buildApidoc(options, onError);","        };","","        local.testCase_buildApp_default = local.testCase_buildApp_default || function (","            options,","            onError","        ) {","        /*","         * this function will test buildApp's default handling-behavior-behavior","         */","            local.testCase_buildReadme_default(options, local.onErrorThrow);","            local.testCase_buildLib_default(options, local.onErrorThrow);","            local.testCase_buildTest_default(options, local.onErrorThrow);","            local.testCase_buildCustomOrg_default(options, local.onErrorThrow);","            options = [];","            local.buildApp(options, onError);","        };","","        local.testCase_buildCustomOrg_default = local.testCase_buildCustomOrg_default ||","            function (options, onError) {","            /*","             * this function will test buildCustomOrg's default handling-behavior","             */","                options = {};","                local.buildCustomOrg(options, onError);","            };","","        local.testCase_buildLib_default = local.testCase_buildLib_default || function (","            options,","            onError","        ) {","        /*","         * this function will test buildLib's default handling-behavior","         */","            options = {};","            local.buildLib(options, onError);","        };","","        local.testCase_buildReadme_default = local.testCase_buildReadme_default || function (","            options,","            onError","        ) {","        /*","         * this function will test buildReadme's default handling-behavior-behavior","         */","            options = {};","            local.buildReadme(options, onError);","        };","","        local.testCase_buildTest_default = local.testCase_buildTest_default || function (","            options,","            onError","        ) {","        /*","         * this function will test buildTest's default handling-behavior","         */","            options = {};","            local.buildTest(options, onError);","        };","","        local.testCase_webpage_default = local.testCase_webpage_default || function (","            options,","            onError","        ) {","        /*","         * this function will test webpage's default handling-behavior","         */","            options = { modeCoverageMerge: true, url: local.serverLocalHost + '?modeTest=1' };","            local.browserTest(options, onError);","        };","","        // run test-server","        local.testRunServer(local);","        break;","    }","}());",""],"l":{"12":2,"14":2,"19":2,"21":2,"23":2,"24":2,"25":2,"30":1,"37":2,"40":2,"43":1,"47":1,"50":1,"52":1,"55":2,"61":2,"62":2,"64":2,"70":1,"76":1,"82":2,"83":2,"85":2,"92":1,"95":1,"102":1,"109":1,"110":1,"113":1,"120":1,"121":1,"122":1,"123":1,"124":1,"125":1,"128":1,"133":2,"134":2,"137":1,"144":2,"145":2,"148":1,"155":2,"156":2,"159":1,"166":2,"167":2,"170":1,"177":1,"178":1,"182":1,"183":1}},"/home/travis/build/npmtest/node-npmtest-x-ray/lib.npmtest_x_ray.js":{"path":"/home/travis/build/npmtest/node-npmtest-x-ray/lib.npmtest_x_ray.js","s":{"1":2,"2":2,"3":2,"4":2,"5":2,"6":2,"7":2,"8":1,"9":2,"10":2,"11":2,"12":2,"13":1,"14":1,"15":1,"16":1},"b":{"1":[2,1,1,1],"2":[1,1,1,1],"3":[1,1],"4":[2,2],"5":[1,1]},"f":{"1":2,"2":2,"3":2},"fnMap":{"1":{"name":"(anonymous_1)","line":12,"loc":{"start":{"line":12,"column":1},"end":{"line":12,"column":13}}},"2":{"name":"(anonymous_2)","line":19,"loc":{"start":{"line":19,"column":5},"end":{"line":19,"column":17}}},"3":{"name":"(anonymous_3)","line":23,"loc":{"start":{"line":23,"column":24},"end":{"line":23,"column":36}}}},"statementMap":{"1":{"start":{"line":12,"column":0},"end":{"line":53,"column":5}},"2":{"start":{"line":14,"column":4},"end":{"line":14,"column":14}},"3":{"start":{"line":19,"column":4},"end":{"line":52,"column":9}},"4":{"start":{"line":21,"column":8},"end":{"line":21,"column":19}},"5":{"start":{"line":23,"column":8},"end":{"line":35,"column":13}},"6":{"start":{"line":24,"column":12},"end":{"line":34,"column":13}},"7":{"start":{"line":25,"column":16},"end":{"line":28,"column":30}},"8":{"start":{"line":30,"column":16},"end":{"line":33,"column":27}},"9":{"start":{"line":37,"column":8},"end":{"line":39,"column":21}},"10":{"start":{"line":41,"column":8},"end":{"line":41,"column":54}},"11":{"start":{"line":43,"column":8},"end":{"line":43,"column":50}},"12":{"start":{"line":45,"column":8},"end":{"line":51,"column":9}},"13":{"start":{"line":46,"column":12},"end":{"line":46,"column":56}},"14":{"start":{"line":48,"column":12},"end":{"line":48,"column":35}},"15":{"start":{"line":49,"column":12},"end":{"line":49,"column":49}},"16":{"start":{"line":50,"column":12},"end":{"line":50,"column":43}}},"branchMap":{"1":{"line":25,"type":"binary-expr","locations":[{"start":{"line":25,"column":23},"end":{"line":25,"column":62}},{"start":{"line":26,"column":20},"end":{"line":26,"column":70}},{"start":{"line":27,"column":20},"end":{"line":27,"column":71}},{"start":{"line":28,"column":20},"end":{"line":28,"column":29}}]},"2":{"line":30,"type":"binary-expr","locations":[{"start":{"line":30,"column":23},"end":{"line":30,"column":37}},{"start":{"line":31,"column":20},"end":{"line":31,"column":61}},{"start":{"line":32,"column":20},"end":{"line":32,"column":70}},{"start":{"line":33,"column":20},"end":{"line":33,"column":26}}]},"3":{"line":37,"type":"cond-expr","locations":[{"start":{"line":38,"column":14},"end":{"line":38,"column":20}},{"start":{"line":39,"column":14},"end":{"line":39,"column":20}}]},"4":{"line":41,"type":"binary-expr","locations":[{"start":{"line":41,"column":16},"end":{"line":41,"column":44}},{"start":{"line":41,"column":48},"end":{"line":41,"column":53}}]},"5":{"line":45,"type":"if","locations":[{"start":{"line":45,"column":8},"end":{"line":45,"column":8}},{"start":{"line":45,"column":8},"end":{"line":45,"column":8}}]}},"code":["/* istanbul instrument in package npmtest_x_ray */","/*jslint","    bitwise: true,","    browser: true,","    maxerr: 8,","    maxlen: 96,","    node: true,","    nomen: true,","    regexp: true,","    stupid: true","*/","(function () {","    'use strict';","    var local;","","","","    // run shared js-env code - pre-init","    (function () {","        // init local","        local = {};","        // init modeJs","        local.modeJs = (function () {","            try {","                return typeof navigator.userAgent === 'string' &&","                    typeof document.querySelector('body') === 'object' &&","                    typeof XMLHttpRequest.prototype.open === 'function' &&","                    'browser';","            } catch (errorCaughtBrowser) {","                return module.exports &&","                    typeof process.versions.node === 'string' &&","                    typeof require('http').createServer === 'function' &&","                    'node';","            }","        }());","        // init global","        local.global = local.modeJs === 'browser'","            ? window","            : global;","        // init utility2_rollup","        local = local.global.utility2_rollup || local;","        // init lib","        local.local = local.npmtest_x_ray = local;","        // init exports","        if (local.modeJs === 'browser') {","            local.global.utility2_npmtest_x_ray = local;","        } else {","            module.exports = local;","            module.exports.__dirname = __dirname;","            module.exports.module = module;","        }","    }());","}());",""],"l":{"12":2,"14":2,"19":2,"21":2,"23":2,"24":2,"25":2,"30":1,"37":2,"41":2,"43":2,"45":2,"46":1,"48":1,"49":1,"50":1}},"/home/travis/build/npmtest/node-npmtest-x-ray/example.js":{"path":"/home/travis/build/npmtest/node-npmtest-x-ray/example.js","s":{"1":2,"2":2,"3":2,"4":2,"5":2,"6":2,"7":2,"8":1,"9":2,"10":2,"11":2,"12":2,"13":1,"14":2,"15":2,"16":2,"17":2,"18":2,"19":0,"20":2,"21":1,"22":1,"23":1,"24":1,"25":1,"26":0,"27":0,"28":1,"29":1,"30":2,"31":0,"32":0,"33":0,"34":1,"35":2,"36":2,"37":2,"38":2,"39":2,"40":2,"41":0,"42":2,"43":2,"44":2,"45":1,"46":3,"47":1,"48":1,"49":1,"50":1,"51":1,"52":1,"53":1,"54":1,"55":1,"56":1,"57":0,"58":1,"59":6,"60":6,"61":1,"62":2,"63":0,"64":2,"65":1,"66":1,"67":0,"68":0,"69":0,"70":0,"71":0,"72":0,"73":0,"74":0,"75":0,"76":0,"77":0,"78":0,"79":0,"80":0,"81":0,"82":0,"83":0},"b":{"1":[2,1,1,1],"2":[1,1,1,1],"3":[1,1],"4":[2,2],"5":[1,1],"6":[1,1],"7":[2,0],"8":[2,1,1,1,1,1],"9":[0,2,0],"10":[1,1],"11":[2,1,1],"12":[1,0],"13":[0,2],"14":[2,0,0,0,0,0,0],"15":[0,2],"16":[2,0],"17":[1,1],"18":[0,1],"19":[1,2,0,2],"20":[1,0],"21":[1,1],"22":[0,0],"23":[0,0],"24":[0,0],"25":[0,0],"26":[0,0],"27":[0,0],"28":[0,0]},"f":{"1":2,"2":2,"3":2,"4":2,"5":2,"6":2,"7":2,"8":2,"9":3,"10":1,"11":6,"12":0},"fnMap":{"1":{"name":"(anonymous_1)","line":26,"loc":{"start":{"line":26,"column":1},"end":{"line":26,"column":13}}},"2":{"name":"(anonymous_2)","line":33,"loc":{"start":{"line":33,"column":5},"end":{"line":33,"column":17}}},"3":{"name":"(anonymous_3)","line":37,"loc":{"start":{"line":37,"column":24},"end":{"line":37,"column":36}}},"4":{"name":"(anonymous_4)","line":69,"loc":{"start":{"line":69,"column":31},"end":{"line":69,"column":48}},"skip":true},"5":{"name":"(anonymous_5)","line":78,"loc":{"start":{"line":78,"column":26},"end":{"line":78,"column":45}},"skip":true},"6":{"name":"(anonymous_6)","line":123,"loc":{"start":{"line":123,"column":33},"end":{"line":123,"column":48}},"skip":true},"7":{"name":"(anonymous_7)","line":125,"loc":{"start":{"line":125,"column":27},"end":{"line":125,"column":39}},"skip":true},"8":{"name":"(anonymous_8)","line":133,"loc":{"start":{"line":133,"column":59},"end":{"line":133,"column":74}},"skip":true},"9":{"name":"(anonymous_9)","line":143,"loc":{"start":{"line":143,"column":45},"end":{"line":143,"column":62}},"skip":true},"10":{"name":"(anonymous_10)","line":144,"loc":{"start":{"line":144,"column":73},"end":{"line":144,"column":92}},"skip":true},"11":{"name":"(anonymous_11)","line":272,"loc":{"start":{"line":272,"column":51},"end":{"line":272,"column":77}},"skip":true},"12":{"name":"(anonymous_12)","line":314,"loc":{"start":{"line":314,"column":32},"end":{"line":314,"column":61}},"skip":true}},"statementMap":{"1":{"start":{"line":26,"column":0},"end":{"line":325,"column":5}},"2":{"start":{"line":28,"column":4},"end":{"line":28,"column":14}},"3":{"start":{"line":33,"column":4},"end":{"line":60,"column":9}},"4":{"start":{"line":35,"column":8},"end":{"line":35,"column":19}},"5":{"start":{"line":37,"column":8},"end":{"line":49,"column":13}},"6":{"start":{"line":38,"column":12},"end":{"line":48,"column":13}},"7":{"start":{"line":39,"column":16},"end":{"line":42,"column":30}},"8":{"start":{"line":44,"column":16},"end":{"line":47,"column":27}},"9":{"start":{"line":51,"column":8},"end":{"line":53,"column":21}},"10":{"start":{"line":55,"column":8},"end":{"line":57,"column":45}},"11":{"start":{"line":59,"column":8},"end":{"line":59,"column":35}},"12":{"start":{"line":61,"column":4},"end":{"line":324,"column":5}},"13":{"start":{"line":69,"column":8},"end":{"line":121,"column":10},"skip":true},"14":{"start":{"line":70,"column":12},"end":{"line":88,"column":13},"skip":true},"15":{"start":{"line":76,"column":16},"end":{"line":87,"column":19},"skip":true},"16":{"start":{"line":79,"column":20},"end":{"line":86,"column":21},"skip":true},"17":{"start":{"line":82,"column":24},"end":{"line":82,"column":43},"skip":true},"18":{"start":{"line":83,"column":24},"end":{"line":83,"column":30},"skip":true},"19":{"start":{"line":85,"column":24},"end":{"line":85,"column":49},"skip":true},"20":{"start":{"line":89,"column":12},"end":{"line":107,"column":13},"skip":true},"21":{"start":{"line":92,"column":16},"end":{"line":102,"column":17},"skip":true},"22":{"start":{"line":93,"column":20},"end":{"line":93,"column":86},"skip":true},"23":{"start":{"line":94,"column":20},"end":{"line":95,"column":45},"skip":true},"24":{"start":{"line":96,"column":20},"end":{"line":96,"column":42},"skip":true},"25":{"start":{"line":97,"column":20},"end":{"line":97,"column":48},"skip":true},"26":{"start":{"line":100,"column":20},"end":{"line":100,"column":85},"skip":true},"27":{"start":{"line":101,"column":20},"end":{"line":101,"column":96},"skip":true},"28":{"start":{"line":103,"column":16},"end":{"line":103,"column":22},"skip":true},"29":{"start":{"line":106,"column":16},"end":{"line":106,"column":22},"skip":true},"30":{"start":{"line":108,"column":12},"end":{"line":120,"column":13},"skip":true},"31":{"start":{"line":114,"column":16},"end":{"line":119,"column":17},"skip":true},"32":{"start":{"line":116,"column":20},"end":{"line":116,"column":78},"skip":true},"33":{"start":{"line":118,"column":20},"end":{"line":118,"column":47},"skip":true},"34":{"start":{"line":123,"column":8},"end":{"line":141,"column":11},"skip":true},"35":{"start":{"line":124,"column":12},"end":{"line":124,"column":54},"skip":true},"36":{"start":{"line":125,"column":12},"end":{"line":140,"column":14},"skip":true},"37":{"start":{"line":126,"column":16},"end":{"line":126,"column":28},"skip":true},"38":{"start":{"line":127,"column":16},"end":{"line":127,"column":69},"skip":true},"39":{"start":{"line":128,"column":16},"end":{"line":128,"column":75},"skip":true},"40":{"start":{"line":129,"column":16},"end":{"line":131,"column":17},"skip":true},"41":{"start":{"line":130,"column":20},"end":{"line":130,"column":27},"skip":true},"42":{"start":{"line":133,"column":16},"end":{"line":137,"column":36},"skip":true},"43":{"start":{"line":134,"column":20},"end":{"line":136,"column":55},"skip":true},"44":{"start":{"line":139,"column":16},"end":{"line":139,"column":57},"skip":true},"45":{"start":{"line":143,"column":8},"end":{"line":147,"column":11},"skip":true},"46":{"start":{"line":144,"column":12},"end":{"line":146,"column":15},"skip":true},"47":{"start":{"line":145,"column":16},"end":{"line":145,"column":70},"skip":true},"48":{"start":{"line":149,"column":8},"end":{"line":149,"column":31},"skip":true},"49":{"start":{"line":150,"column":8},"end":{"line":150,"column":14},"skip":true},"50":{"start":{"line":158,"column":8},"end":{"line":158,"column":31},"skip":true},"51":{"start":{"line":160,"column":8},"end":{"line":160,"column":33},"skip":true},"52":{"start":{"line":161,"column":8},"end":{"line":161,"column":37},"skip":true},"53":{"start":{"line":162,"column":8},"end":{"line":162,"column":35},"skip":true},"54":{"start":{"line":164,"column":8},"end":{"line":164,"column":50},"skip":true},"55":{"start":{"line":166,"column":8},"end":{"line":256,"column":2},"skip":true},"56":{"start":{"line":258,"column":8},"end":{"line":286,"column":9},"skip":true},"57":{"start":{"line":259,"column":12},"end":{"line":269,"column":14},"skip":true},"58":{"start":{"line":271,"column":12},"end":{"line":285,"column":19},"skip":true},"59":{"start":{"line":274,"column":20},"end":{"line":274,"column":35},"skip":true},"60":{"start":{"line":275,"column":20},"end":{"line":284,"column":21},"skip":true},"61":{"start":{"line":277,"column":24},"end":{"line":277,"column":64},"skip":true},"62":{"start":{"line":279,"column":24},"end":{"line":279,"column":40},"skip":true},"63":{"start":{"line":281,"column":24},"end":{"line":281,"column":40},"skip":true},"64":{"start":{"line":283,"column":24},"end":{"line":283,"column":39},"skip":true},"65":{"start":{"line":288,"column":8},"end":{"line":290,"column":9},"skip":true},"66":{"start":{"line":289,"column":12},"end":{"line":289,"column":18},"skip":true},"67":{"start":{"line":291,"column":8},"end":{"line":293,"column":54},"skip":true},"68":{"start":{"line":294,"column":8},"end":{"line":301,"column":37},"skip":true},"69":{"start":{"line":302,"column":8},"end":{"line":302,"column":82},"skip":true},"70":{"start":{"line":305,"column":8},"end":{"line":307,"column":9},"skip":true},"71":{"start":{"line":306,"column":12},"end":{"line":306,"column":82},"skip":true},"72":{"start":{"line":309,"column":8},"end":{"line":311,"column":9},"skip":true},"73":{"start":{"line":310,"column":12},"end":{"line":310,"column":18},"skip":true},"74":{"start":{"line":312,"column":8},"end":{"line":312,"column":54},"skip":true},"75":{"start":{"line":313,"column":8},"end":{"line":313,"column":69},"skip":true},"76":{"start":{"line":314,"column":8},"end":{"line":322,"column":36},"skip":true},"77":{"start":{"line":315,"column":12},"end":{"line":315,"column":61},"skip":true},"78":{"start":{"line":316,"column":12},"end":{"line":319,"column":13},"skip":true},"79":{"start":{"line":317,"column":16},"end":{"line":317,"column":75},"skip":true},"80":{"start":{"line":318,"column":16},"end":{"line":318,"column":23},"skip":true},"81":{"start":{"line":320,"column":12},"end":{"line":320,"column":38},"skip":true},"82":{"start":{"line":321,"column":12},"end":{"line":321,"column":27},"skip":true},"83":{"start":{"line":323,"column":8},"end":{"line":323,"column":14},"skip":true}},"branchMap":{"1":{"line":39,"type":"binary-expr","locations":[{"start":{"line":39,"column":23},"end":{"line":39,"column":62}},{"start":{"line":40,"column":20},"end":{"line":40,"column":70}},{"start":{"line":41,"column":20},"end":{"line":41,"column":71}},{"start":{"line":42,"column":20},"end":{"line":42,"column":29}}]},"2":{"line":44,"type":"binary-expr","locations":[{"start":{"line":44,"column":23},"end":{"line":44,"column":37}},{"start":{"line":45,"column":20},"end":{"line":45,"column":61}},{"start":{"line":46,"column":20},"end":{"line":46,"column":70}},{"start":{"line":47,"column":20},"end":{"line":47,"column":26}}]},"3":{"line":51,"type":"cond-expr","locations":[{"start":{"line":52,"column":14},"end":{"line":52,"column":20}},{"start":{"line":53,"column":14},"end":{"line":53,"column":20}}]},"4":{"line":55,"type":"binary-expr","locations":[{"start":{"line":55,"column":16},"end":{"line":55,"column":44}},{"start":{"line":55,"column":49},"end":{"line":57,"column":43}}]},"5":{"line":55,"type":"cond-expr","locations":[{"start":{"line":56,"column":14},"end":{"line":56,"column":49}},{"start":{"line":57,"column":14},"end":{"line":57,"column":43}}]},"6":{"line":61,"type":"switch","locations":[{"start":{"line":68,"column":4},"end":{"line":150,"column":14},"skip":true},{"start":{"line":156,"column":4},"end":{"line":323,"column":14},"skip":true}]},"7":{"line":70,"type":"if","locations":[{"start":{"line":70,"column":12},"end":{"line":70,"column":12},"skip":true},{"start":{"line":70,"column":12},"end":{"line":70,"column":12},"skip":true}]},"8":{"line":70,"type":"binary-expr","locations":[{"start":{"line":70,"column":16},"end":{"line":70,"column":22},"skip":true},{"start":{"line":70,"column":27},"end":{"line":70,"column":32},"skip":true},{"start":{"line":71,"column":20},"end":{"line":71,"column":39},"skip":true},{"start":{"line":72,"column":20},"end":{"line":72,"column":49},"skip":true},{"start":{"line":73,"column":20},"end":{"line":73,"column":58},"skip":true},{"start":{"line":74,"column":20},"end":{"line":74,"column":69},"skip":true}]},"9":{"line":79,"type":"switch","locations":[{"start":{"line":80,"column":20},"end":{"line":80,"column":33},"skip":true},{"start":{"line":81,"column":20},"end":{"line":83,"column":30},"skip":true},{"start":{"line":84,"column":20},"end":{"line":85,"column":49},"skip":true}]},"10":{"line":89,"type":"switch","locations":[{"start":{"line":90,"column":12},"end":{"line":103,"column":22},"skip":true},{"start":{"line":105,"column":12},"end":{"line":106,"column":22},"skip":true}]},"11":{"line":89,"type":"binary-expr","locations":[{"start":{"line":89,"column":20},"end":{"line":89,"column":25},"skip":true},{"start":{"line":89,"column":29},"end":{"line":89,"column":48},"skip":true},{"start":{"line":89,"column":52},"end":{"line":89,"column":74},"skip":true}]},"12":{"line":92,"type":"if","locations":[{"start":{"line":92,"column":16},"end":{"line":92,"column":16},"skip":true},{"start":{"line":92,"column":16},"end":{"line":92,"column":16},"skip":true}]},"13":{"line":108,"type":"if","locations":[{"start":{"line":108,"column":12},"end":{"line":108,"column":12},"skip":true},{"start":{"line":108,"column":12},"end":{"line":108,"column":12},"skip":true}]},"14":{"line":108,"type":"binary-expr","locations":[{"start":{"line":108,"column":16},"end":{"line":108,"column":61},"skip":true},{"start":{"line":108,"column":66},"end":{"line":108,"column":72},"skip":true},{"start":{"line":108,"column":77},"end":{"line":108,"column":82},"skip":true},{"start":{"line":109,"column":20},"end":{"line":109,"column":39},"skip":true},{"start":{"line":110,"column":20},"end":{"line":110,"column":49},"skip":true},{"start":{"line":111,"column":20},"end":{"line":111,"column":58},"skip":true},{"start":{"line":112,"column":20},"end":{"line":112,"column":68},"skip":true}]},"15":{"line":129,"type":"if","locations":[{"start":{"line":129,"column":16},"end":{"line":129,"column":16},"skip":true},{"start":{"line":129,"column":16},"end":{"line":129,"column":16},"skip":true}]},"16":{"line":134,"type":"cond-expr","locations":[{"start":{"line":135,"column":26},"end":{"line":135,"column":29},"skip":true},{"start":{"line":136,"column":26},"end":{"line":136,"column":54},"skip":true}]},"17":{"line":164,"type":"binary-expr","locations":[{"start":{"line":164,"column":27},"end":{"line":164,"column":43},"skip":true},{"start":{"line":164,"column":47},"end":{"line":164,"column":49},"skip":true}]},"18":{"line":258,"type":"if","locations":[{"start":{"line":258,"column":8},"end":{"line":258,"column":8},"skip":true},{"start":{"line":258,"column":8},"end":{"line":258,"column":8},"skip":true}]},"19":{"line":275,"type":"switch","locations":[{"start":{"line":276,"column":20},"end":{"line":277,"column":64},"skip":true},{"start":{"line":278,"column":20},"end":{"line":279,"column":40},"skip":true},{"start":{"line":280,"column":20},"end":{"line":281,"column":40},"skip":true},{"start":{"line":282,"column":20},"end":{"line":283,"column":39},"skip":true}]},"20":{"line":288,"type":"if","locations":[{"start":{"line":288,"column":8},"end":{"line":288,"column":8},"skip":true},{"start":{"line":288,"column":8},"end":{"line":288,"column":8},"skip":true}]},"21":{"line":288,"type":"binary-expr","locations":[{"start":{"line":288,"column":12},"end":{"line":288,"column":40},"skip":true},{"start":{"line":288,"column":44},"end":{"line":288,"column":67},"skip":true}]},"22":{"line":292,"type":"binary-expr","locations":[{"start":{"line":292,"column":12},"end":{"line":292,"column":50},"skip":true},{"start":{"line":293,"column":12},"end":{"line":293,"column":53},"skip":true}]},"23":{"line":295,"type":"binary-expr","locations":[{"start":{"line":295,"column":12},"end":{"line":295,"column":63},"skip":true},{"start":{"line":296,"column":12},"end":{"line":301,"column":36},"skip":true}]},"24":{"line":302,"type":"binary-expr","locations":[{"start":{"line":302,"column":43},"end":{"line":302,"column":75},"skip":true},{"start":{"line":302,"column":79},"end":{"line":302,"column":81},"skip":true}]},"25":{"line":305,"type":"if","locations":[{"start":{"line":305,"column":8},"end":{"line":305,"column":8},"skip":true},{"start":{"line":305,"column":8},"end":{"line":305,"column":8},"skip":true}]},"26":{"line":309,"type":"if","locations":[{"start":{"line":309,"column":8},"end":{"line":309,"column":8},"skip":true},{"start":{"line":309,"column":8},"end":{"line":309,"column":8},"skip":true}]},"27":{"line":312,"type":"binary-expr","locations":[{"start":{"line":312,"column":27},"end":{"line":312,"column":43},"skip":true},{"start":{"line":312,"column":47},"end":{"line":312,"column":53},"skip":true}]},"28":{"line":316,"type":"if","locations":[{"start":{"line":316,"column":12},"end":{"line":316,"column":12},"skip":true},{"start":{"line":316,"column":12},"end":{"line":316,"column":12},"skip":true}]}},"code":["/*","example.js","","quickstart example","","instruction","    1. save this script as example.js","    2. run the shell command:","        $ npm install npmtest-x-ray && PORT=8081 node example.js","    3. play with the browser-demo on http://127.0.0.1:8081","*/","","","","/* istanbul instrument in package npmtest_x_ray */","/*jslint","    bitwise: true,","    browser: true,","    maxerr: 8,","    maxlen: 96,","    node: true,","    nomen: true,","    regexp: true,","    stupid: true","*/","(function () {","    'use strict';","    var local;","","","","    // run shared js-env code - pre-init","    (function () {","        // init local","        local = {};","        // init modeJs","        local.modeJs = (function () {","            try {","                return typeof navigator.userAgent === 'string' &&","                    typeof document.querySelector('body') === 'object' &&","                    typeof XMLHttpRequest.prototype.open === 'function' &&","                    'browser';","            } catch (errorCaughtBrowser) {","                return module.exports &&","                    typeof process.versions.node === 'string' &&","                    typeof require('http').createServer === 'function' &&","                    'node';","            }","        }());","        // init global","        local.global = local.modeJs === 'browser'","            ? window","            : global;","        // init utility2_rollup","        local = local.global.utility2_rollup || (local.modeJs === 'browser'","            ? local.global.utility2_npmtest_x_ray","            : global.utility2_moduleExports);","        // export local","        local.global.local = local;","    }());","    switch (local.modeJs) {","","","","    // post-init","    // run browser js-env code - post-init","    /* istanbul ignore next */","    case 'browser':","        local.testRunBrowser = function (event) {","            if (!event || (event &&","                    event.currentTarget &&","                    event.currentTarget.className &&","                    event.currentTarget.className.includes &&","                    event.currentTarget.className.includes('onreset'))) {","                // reset output","                Array.from(","                    document.querySelectorAll('body > .resettable')","                ).forEach(function (element) {","                    switch (element.tagName) {","                    case 'INPUT':","                    case 'TEXTAREA':","                        element.value = '';","                        break;","                    default:","                        element.textContent = '';","                    }","                });","            }","            switch (event && event.currentTarget && event.currentTarget.id) {","            case 'testRunButton1':","                // show tests","                if (document.querySelector('#testReportDiv1').style.display === 'none') {","                    document.querySelector('#testReportDiv1').style.display = 'block';","                    document.querySelector('#testRunButton1').textContent =","                        'hide internal test';","                    local.modeTest = true;","                    local.testRunDefault(local);","                // hide tests","                } else {","                    document.querySelector('#testReportDiv1').style.display = 'none';","                    document.querySelector('#testRunButton1').textContent = 'run internal test';","                }","                break;","            // custom-case","            default:","                break;","            }","            if (document.querySelector('#inputTextareaEval1') && (!event || (event &&","                    event.currentTarget &&","                    event.currentTarget.className &&","                    event.currentTarget.className.includes &&","                    event.currentTarget.className.includes('oneval')))) {","                // try to eval input-code","                try {","                    /*jslint evil: true*/","                    eval(document.querySelector('#inputTextareaEval1').value);","                } catch (errorCaught) {","                    console.error(errorCaught);","                }","            }","        };","        // log stderr and stdout to #outputTextareaStdout1","        ['error', 'log'].forEach(function (key) {","            console[key + '_original'] = console[key];","            console[key] = function () {","                var element;","                console[key + '_original'].apply(console, arguments);","                element = document.querySelector('#outputTextareaStdout1');","                if (!element) {","                    return;","                }","                // append text to #outputTextareaStdout1","                element.value += Array.from(arguments).map(function (arg) {","                    return typeof arg === 'string'","                        ? arg","                        : JSON.stringify(arg, null, 4);","                }).join(' ') + '\\n';","                // scroll textarea to bottom","                element.scrollTop = element.scrollHeight;","            };","        });","        // init event-handling","        ['change', 'click', 'keyup'].forEach(function (event) {","            Array.from(document.querySelectorAll('.on' + event)).forEach(function (element) {","                element.addEventListener(event, local.testRunBrowser);","            });","        });","        // run tests","        local.testRunBrowser();","        break;","","","","    // run node js-env code - post-init","    /* istanbul ignore next */","    case 'node':","        // export local","        module.exports = local;","        // require modules","        local.fs = require('fs');","        local.http = require('http');","        local.url = require('url');","        // init assets","        local.assetsDict = local.assetsDict || {};","        /* jslint-ignore-begin */","        local.assetsDict['/assets.index.template.html'] = '\\","<!doctype html>\\n\\","<html lang=\"en\">\\n\\","<head>\\n\\","<meta charset=\"UTF-8\">\\n\\","<meta name=\"viewport\" content=\"width=device-width, initial-scale=1\">\\n\\","<title>{{env.npm_package_name}} (v{{env.npm_package_version}})</title>\\n\\","<style>\\n\\","/*csslint\\n\\","    box-sizing: false,\\n\\","    universal-selector: false\\n\\","*/\\n\\","* {\\n\\","    box-sizing: border-box;\\n\\","}\\n\\","body {\\n\\","    background: #dde;\\n\\","    font-family: Arial, Helvetica, sans-serif;\\n\\","    margin: 2rem;\\n\\","}\\n\\","body > * {\\n\\","    margin-bottom: 1rem;\\n\\","}\\n\\",".utility2FooterDiv {\\n\\","    margin-top: 20px;\\n\\","    text-align: center;\\n\\","}\\n\\","</style>\\n\\","<style>\\n\\","/*csslint\\n\\","*/\\n\\","textarea {\\n\\","    font-family: monospace;\\n\\","    height: 10rem;\\n\\","    width: 100%;\\n\\","}\\n\\","textarea[readonly] {\\n\\","    background: #ddd;\\n\\","}\\n\\","</style>\\n\\","</head>\\n\\","<body>\\n\\","<!-- utility2-comment\\n\\","<div id=\"ajaxProgressDiv1\" style=\"background: #d00; height: 2px; left: 0; margin: 0; padding: 0; position: fixed; top: 0; transition: background 0.5s, width 1.5s; width: 25%;\"></div>\\n\\","utility2-comment -->\\n\\","<h1>\\n\\","<!-- utility2-comment\\n\\","    <a\\n\\","        {{#if env.npm_package_homepage}}\\n\\","        href=\"{{env.npm_package_homepage}}\"\\n\\","        {{/if env.npm_package_homepage}}\\n\\","        target=\"_blank\"\\n\\","    >\\n\\","utility2-comment -->\\n\\","        {{env.npm_package_name}} (v{{env.npm_package_version}})\\n\\","<!-- utility2-comment\\n\\","    </a>\\n\\","utility2-comment -->\\n\\","</h1>\\n\\","<h3>{{env.npm_package_description}}</h3>\\n\\","<!-- utility2-comment\\n\\","<h4><a download href=\"assets.app.js\">download standalone app</a></h4>\\n\\","<button class=\"onclick onreset\" id=\"testRunButton1\">run internal test</button><br>\\n\\","<div id=\"testReportDiv1\" style=\"display: none;\"></div>\\n\\","utility2-comment -->\\n\\","\\n\\","\\n\\","\\n\\","<label>stderr and stdout</label>\\n\\","<textarea class=\"resettable\" id=\"outputTextareaStdout1\" readonly></textarea>\\n\\","<!-- utility2-comment\\n\\","{{#if isRollup}}\\n\\","<script src=\"assets.app.js\"></script>\\n\\","{{#unless isRollup}}\\n\\","utility2-comment -->\\n\\","<script src=\"assets.utility2.rollup.js\"></script>\\n\\","<script src=\"jsonp.utility2._stateInit?callback=window.utility2._stateInit\"></script>\\n\\","<script src=\"assets.npmtest_x_ray.rollup.js\"></script>\\n\\","<script src=\"assets.example.js\"></script>\\n\\","<script src=\"assets.test.js\"></script>\\n\\","<!-- utility2-comment\\n\\","{{/if isRollup}}\\n\\","utility2-comment -->\\n\\","<div class=\"utility2FooterDiv\">\\n\\","    [ this app was created with\\n\\","    <a href=\"https://github.com/kaizhu256/node-utility2\" target=\"_blank\">utility2</a>\\n\\","    ]\\n\\","</div>\\n\\","</body>\\n\\","</html>\\n\\","';","        /* jslint-ignore-end */","        if (local.templateRender) {","            local.assetsDict['/'] = local.templateRender(","                local.assetsDict['/assets.index.template.html'],","                {","                    env: local.objectSetDefault(local.env, {","                        npm_package_description: 'the greatest app in the world!',","                        npm_package_name: 'my-app',","                        npm_package_nameAlias: 'my_app',","                        npm_package_version: '0.0.1'","                    })","                }","            );","        } else {","            local.assetsDict['/'] = local.assetsDict['/assets.index.template.html']","                .replace((/\\{\\{env\\.(\\w+?)\\}\\}/g), function (match0, match1) {","                    // jslint-hack","                    String(match0);","                    switch (match1) {","                    case 'npm_package_description':","                        return 'the greatest app in the world!';","                    case 'npm_package_name':","                        return 'my-app';","                    case 'npm_package_nameAlias':","                        return 'my_app';","                    case 'npm_package_version':","                        return '0.0.1';","                    }","                });","        }","        // run the cli","        if (local.global.utility2_rollup || module !== require.main) {","            break;","        }","        local.assetsDict['/assets.example.js'] =","            local.assetsDict['/assets.example.js'] ||","            local.fs.readFileSync(__filename, 'utf8');","        local.assetsDict['/assets.npmtest_x_ray.rollup.js'] =","            local.assetsDict['/assets.npmtest_x_ray.rollup.js'] ||","            local.fs.readFileSync(","                // buildCustomOrg-hack","                local.npmtest_x_ray.__dirname +","                    '/lib.npmtest_x_ray.js',","                'utf8'","            ).replace((/^#!/), '//');","        local.assetsDict['/favicon.ico'] = local.assetsDict['/favicon.ico'] || '';","        // if $npm_config_timeout_exit exists,","        // then exit this process after $npm_config_timeout_exit ms","        if (Number(process.env.npm_config_timeout_exit)) {","            setTimeout(process.exit, Number(process.env.npm_config_timeout_exit));","        }","        // start server","        if (local.global.utility2_serverHttp1) {","            break;","        }","        process.env.PORT = process.env.PORT || '8081';","        console.error('server starting on port ' + process.env.PORT);","        local.http.createServer(function (request, response) {","            request.urlParsed = local.url.parse(request.url);","            if (local.assetsDict[request.urlParsed.pathname] !== undefined) {","                response.end(local.assetsDict[request.urlParsed.pathname]);","                return;","            }","            response.statusCode = 404;","            response.end();","        }).listen(process.env.PORT);","        break;","    }","}());",""],"l":{"26":2,"28":2,"33":2,"35":2,"37":2,"38":2,"39":2,"44":1,"51":2,"55":2,"59":2,"61":2,"69":1,"70":2,"76":2,"79":2,"82":2,"83":2,"85":1,"89":2,"92":1,"93":1,"94":1,"96":1,"97":1,"100":1,"101":1,"103":1,"106":1,"108":2,"114":1,"116":1,"118":1,"123":1,"124":2,"125":2,"126":2,"127":2,"128":2,"129":2,"130":1,"133":2,"134":2,"139":2,"143":1,"144":3,"145":1,"149":1,"150":1,"158":1,"160":1,"161":1,"162":1,"164":1,"166":1,"258":1,"259":1,"271":1,"274":6,"275":6,"277":1,"279":2,"281":1,"283":2,"288":1,"289":1,"291":1,"294":1,"302":1,"305":1,"306":1,"309":1,"310":1,"312":1,"313":1,"314":1,"315":1,"316":1,"317":1,"318":1,"320":1,"321":1,"323":1}},"/home/travis/build/npmtest/node-npmtest-x-ray/node_modules/x-ray/index.js":{"path":"/home/travis/build/npmtest/node-npmtest-x-ray/node_modules/x-ray/index.js","s":{"1":1,"2":1,"3":1,"4":1,"5":1,"6":1,"7":1,"8":1,"9":1,"10":1,"11":1,"12":1,"13":1,"14":1,"15":1,"16":1,"17":1,"18":0,"19":0,"20":0,"21":1,"22":0,"23":0,"24":0,"25":0,"26":0,"27":0,"28":0,"29":0,"30":0,"31":0,"32":1,"33":0,"34":0,"35":0,"36":0,"37":0,"38":0,"39":0,"40":0,"41":0,"42":0,"43":0,"44":0,"45":0,"46":0,"47":0,"48":0,"49":0,"50":0,"51":0,"52":0,"53":0,"54":0,"55":0,"56":0,"57":0,"58":0,"59":0,"60":0,"61":1,"62":0,"63":0,"64":0,"65":0,"66":0,"67":0,"68":0,"69":0,"70":0,"71":0,"72":0,"73":0,"74":0,"75":0,"76":0,"77":0,"78":0,"79":0,"80":0,"81":0,"82":0,"83":0,"84":0,"85":0,"86":0,"87":0,"88":0,"89":0,"90":0,"91":0,"92":0,"93":0,"94":0,"95":0,"96":0,"97":0,"98":0,"99":0,"100":0,"101":0,"102":0,"103":0,"104":0,"105":0,"106":0,"107":0,"108":0,"109":0,"110":0,"111":0,"112":0,"113":0,"114":0,"115":0,"116":0,"117":0,"118":0,"119":0,"120":0,"121":0,"122":0,"123":0,"124":1,"125":0,"126":0,"127":0,"128":0,"129":0,"130":0,"131":0,"132":1,"133":0,"134":0,"135":0,"136":0,"137":0,"138":1,"139":0,"140":0,"141":0,"142":0,"143":0,"144":0,"145":0,"146":0,"147":0,"148":0,"149":0,"150":0,"151":0,"152":0,"153":0,"154":0,"155":0,"156":0,"157":0,"158":0,"159":0,"160":0,"161":0,"162":0,"163":0,"164":0,"165":0,"166":0,"167":0,"168":0,"169":0,"170":0,"171":0,"172":1},"b":{"1":[0,0],"2":[0,0],"3":[0,0],"4":[0,0],"5":[0,0],"6":[0,0],"7":[0,0],"8":[0,0],"9":[0,0],"10":[0,0],"11":[0,0],"12":[0,0],"13":[0,0],"14":[0,0],"15":[0,0],"16":[0,0],"17":[0,0],"18":[0,0],"19":[0,0],"20":[0,0],"21":[0,0],"22":[0,0],"23":[0,0],"24":[0,0],"25":[0,0],"26":[0,0],"27":[0,0],"28":[0,0],"29":[0,0],"30":[0,0],"31":[0,0],"32":[0,0],"33":[0,0],"34":[0,0],"35":[0,0],"36":[0,0],"37":[0,0],"38":[0,0]},"f":{"1":0,"2":0,"3":0,"4":0,"5":0,"6":0,"7":0,"8":0,"9":0,"10":0,"11":0,"12":0,"13":0,"14":0,"15":0,"16":0,"17":0,"18":0,"19":0,"20":0,"21":0,"22":0,"23":0,"24":0},"fnMap":{"1":{"name":"Xray","line":29,"loc":{"start":{"line":29,"column":0},"end":{"line":29,"column":24}}},"2":{"name":"xray","line":34,"loc":{"start":{"line":34,"column":2},"end":{"line":34,"column":42}}},"3":{"name":"node","line":48,"loc":{"start":{"line":48,"column":4},"end":{"line":48,"column":32}}},"4":{"name":"(anonymous_4)","line":63,"loc":{"start":{"line":63,"column":24},"end":{"line":63,"column":45}}},"5":{"name":"(anonymous_5)","line":79,"loc":{"start":{"line":79,"column":21},"end":{"line":79,"column":42}}},"6":{"name":"next","line":92,"loc":{"start":{"line":92,"column":6},"end":{"line":92,"column":34}}},"7":{"name":"(anonymous_7)","line":131,"loc":{"start":{"line":131,"column":23},"end":{"line":131,"column":44}}},"8":{"name":"(anonymous_8)","line":145,"loc":{"start":{"line":145,"column":20},"end":{"line":145,"column":40}}},"9":{"name":"(anonymous_9)","line":151,"loc":{"start":{"line":151,"column":17},"end":{"line":151,"column":34}}},"10":{"name":"(anonymous_10)","line":157,"loc":{"start":{"line":157,"column":18},"end":{"line":157,"column":30}}},"11":{"name":"(anonymous_11)","line":164,"loc":{"start":{"line":164,"column":17},"end":{"line":164,"column":33}}},"12":{"name":"(anonymous_12)","line":174,"loc":{"start":{"line":174,"column":32},"end":{"line":174,"column":50}}},"13":{"name":"(anonymous_13)","line":175,"loc":{"start":{"line":175,"column":19},"end":{"line":175,"column":31}}},"14":{"name":"Request","line":185,"loc":{"start":{"line":185,"column":0},"end":{"line":185,"column":27}}},"15":{"name":"request","line":186,"loc":{"start":{"line":186,"column":9},"end":{"line":186,"column":36}}},"16":{"name":"(anonymous_16)","line":188,"loc":{"start":{"line":188,"column":17},"end":{"line":188,"column":37}}},"17":{"name":"load","line":196,"loc":{"start":{"line":196,"column":0},"end":{"line":196,"column":26}}},"18":{"name":"WalkHTML","line":203,"loc":{"start":{"line":203,"column":0},"end":{"line":203,"column":51}}},"19":{"name":"walkHTML","line":204,"loc":{"start":{"line":204,"column":9},"end":{"line":204,"column":35}}},"20":{"name":"(anonymous_20)","line":205,"loc":{"start":{"line":205,"column":19},"end":{"line":205,"column":41}}},"21":{"name":"(anonymous_21)","line":210,"loc":{"start":{"line":210,"column":20},"end":{"line":210,"column":40}}},"22":{"name":"(anonymous_22)","line":225,"loc":{"start":{"line":225,"column":22},"end":{"line":225,"column":39}}},"23":{"name":"(anonymous_23)","line":228,"loc":{"start":{"line":228,"column":30},"end":{"line":228,"column":50}}},"24":{"name":"(anonymous_24)","line":241,"loc":{"start":{"line":241,"column":7},"end":{"line":241,"column":27}}}},"statementMap":{"1":{"start":{"line":3,"column":0},"end":{"line":3,"column":53}},"2":{"start":{"line":4,"column":0},"end":{"line":4,"column":43}},"3":{"start":{"line":5,"column":0},"end":{"line":5,"column":43}},"4":{"start":{"line":6,"column":0},"end":{"line":6,"column":42}},"5":{"start":{"line":7,"column":0},"end":{"line":7,"column":42}},"6":{"start":{"line":8,"column":0},"end":{"line":8,"column":39}},"7":{"start":{"line":9,"column":0},"end":{"line":9,"column":38}},"8":{"start":{"line":10,"column":0},"end":{"line":10,"column":38}},"9":{"start":{"line":11,"column":0},"end":{"line":11,"column":37}},"10":{"start":{"line":12,"column":0},"end":{"line":12,"column":36}},"11":{"start":{"line":13,"column":0},"end":{"line":13,"column":37}},"12":{"start":{"line":14,"column":0},"end":{"line":14,"column":32}},"13":{"start":{"line":15,"column":0},"end":{"line":15,"column":32}},"14":{"start":{"line":16,"column":0},"end":{"line":16,"column":32}},"15":{"start":{"line":17,"column":0},"end":{"line":17,"column":22}},"16":{"start":{"line":19,"column":0},"end":{"line":27,"column":1}},"17":{"start":{"line":29,"column":0},"end":{"line":183,"column":1}},"18":{"start":{"line":30,"column":2},"end":{"line":30,"column":25}},"19":{"start":{"line":31,"column":2},"end":{"line":31,"column":25}},"20":{"start":{"line":32,"column":2},"end":{"line":32,"column":37}},"21":{"start":{"line":34,"column":2},"end":{"line":172,"column":3}},"22":{"start":{"line":35,"column":4},"end":{"line":35,"column":46}},"23":{"start":{"line":36,"column":4},"end":{"line":36,"column":28}},"24":{"start":{"line":37,"column":4},"end":{"line":37,"column":24}},"25":{"start":{"line":38,"column":4},"end":{"line":38,"column":24}},"26":{"start":{"line":40,"column":4},"end":{"line":40,"column":50}},"27":{"start":{"line":41,"column":4},"end":{"line":41,"column":25}},"28":{"start":{"line":42,"column":4},"end":{"line":42,"column":18}},"29":{"start":{"line":43,"column":4},"end":{"line":43,"column":14}},"30":{"start":{"line":45,"column":4},"end":{"line":45,"column":59}},"31":{"start":{"line":46,"column":4},"end":{"line":46,"column":34}},"32":{"start":{"line":48,"column":4},"end":{"line":143,"column":5}},"33":{"start":{"line":49,"column":6},"end":{"line":53,"column":7}},"34":{"start":{"line":50,"column":8},"end":{"line":50,"column":20}},"35":{"start":{"line":52,"column":8},"end":{"line":52,"column":24}},"36":{"start":{"line":55,"column":6},"end":{"line":59,"column":8}},"37":{"start":{"line":61,"column":6},"end":{"line":90,"column":7}},"38":{"start":{"line":62,"column":8},"end":{"line":62,"column":40}},"39":{"start":{"line":63,"column":8},"end":{"line":67,"column":10}},"40":{"start":{"line":64,"column":10},"end":{"line":64,"column":35}},"41":{"start":{"line":64,"column":19},"end":{"line":64,"column":35}},"42":{"start":{"line":65,"column":10},"end":{"line":65,"column":36}},"43":{"start":{"line":66,"column":10},"end":{"line":66,"column":27}},"44":{"start":{"line":68,"column":13},"end":{"line":90,"column":7}},"45":{"start":{"line":69,"column":8},"end":{"line":69,"column":46}},"46":{"start":{"line":70,"column":8},"end":{"line":70,"column":56}},"47":{"start":{"line":73,"column":8},"end":{"line":76,"column":9}},"48":{"start":{"line":74,"column":10},"end":{"line":74,"column":50}},"49":{"start":{"line":75,"column":10},"end":{"line":75,"column":41}},"50":{"start":{"line":78,"column":8},"end":{"line":78,"column":50}},"51":{"start":{"line":79,"column":8},"end":{"line":83,"column":10}},"52":{"start":{"line":80,"column":10},"end":{"line":80,"column":35}},"53":{"start":{"line":80,"column":19},"end":{"line":80,"column":35}},"54":{"start":{"line":81,"column":10},"end":{"line":81,"column":33}},"55":{"start":{"line":82,"column":10},"end":{"line":82,"column":27}},"56":{"start":{"line":84,"column":13},"end":{"line":90,"column":7}},"57":{"start":{"line":85,"column":8},"end":{"line":85,"column":28}},"58":{"start":{"line":86,"column":8},"end":{"line":86,"column":25}},"59":{"start":{"line":88,"column":8},"end":{"line":88,"column":59}},"60":{"start":{"line":89,"column":8},"end":{"line":89,"column":39}},"61":{"start":{"line":92,"column":6},"end":{"line":140,"column":7}},"62":{"start":{"line":93,"column":8},"end":{"line":93,"column":31}},"63":{"start":{"line":93,"column":17},"end":{"line":93,"column":31}},"64":{"start":{"line":94,"column":8},"end":{"line":94,"column":37}},"65":{"start":{"line":95,"column":8},"end":{"line":95,"column":33}},"66":{"start":{"line":98,"column":8},"end":{"line":101,"column":9}},"67":{"start":{"line":99,"column":10},"end":{"line":100,"column":57}},"68":{"start":{"line":99,"column":24},"end":{"line":99,"column":65}},"69":{"start":{"line":100,"column":15},"end":{"line":100,"column":57}},"70":{"start":{"line":103,"column":8},"end":{"line":139,"column":9}},"71":{"start":{"line":104,"column":10},"end":{"line":108,"column":11}},"72":{"start":{"line":105,"column":12},"end":{"line":105,"column":37}},"73":{"start":{"line":107,"column":12},"end":{"line":107,"column":27}},"74":{"start":{"line":110,"column":10},"end":{"line":114,"column":11}},"75":{"start":{"line":111,"column":12},"end":{"line":111,"column":42}},"76":{"start":{"line":112,"column":12},"end":{"line":112,"column":29}},"77":{"start":{"line":113,"column":12},"end":{"line":113,"column":34}},"78":{"start":{"line":116,"column":10},"end":{"line":116,"column":56}},"79":{"start":{"line":117,"column":10},"end":{"line":117,"column":52}},"80":{"start":{"line":119,"column":10},"end":{"line":123,"column":11}},"81":{"start":{"line":120,"column":12},"end":{"line":120,"column":55}},"82":{"start":{"line":121,"column":12},"end":{"line":121,"column":29}},"83":{"start":{"line":122,"column":12},"end":{"line":122,"column":34}},"84":{"start":{"line":125,"column":10},"end":{"line":125,"column":21}},"85":{"start":{"line":128,"column":10},"end":{"line":128,"column":37}},"86":{"start":{"line":129,"column":10},"end":{"line":129,"column":69}},"87":{"start":{"line":131,"column":10},"end":{"line":135,"column":12}},"88":{"start":{"line":132,"column":12},"end":{"line":132,"column":37}},"89":{"start":{"line":132,"column":21},"end":{"line":132,"column":37}},"90":{"start":{"line":133,"column":12},"end":{"line":133,"column":35}},"91":{"start":{"line":134,"column":12},"end":{"line":134,"column":29}},"92":{"start":{"line":137,"column":10},"end":{"line":137,"column":27}},"93":{"start":{"line":138,"column":10},"end":{"line":138,"column":23}},"94":{"start":{"line":142,"column":6},"end":{"line":142,"column":17}},"95":{"start":{"line":145,"column":4},"end":{"line":149,"column":5}},"96":{"start":{"line":146,"column":6},"end":{"line":146,"column":50}},"97":{"start":{"line":146,"column":29},"end":{"line":146,"column":50}},"98":{"start":{"line":147,"column":6},"end":{"line":147,"column":31}},"99":{"start":{"line":148,"column":6},"end":{"line":148,"column":17}},"100":{"start":{"line":151,"column":4},"end":{"line":155,"column":5}},"101":{"start":{"line":152,"column":6},"end":{"line":152,"column":47}},"102":{"start":{"line":152,"column":29},"end":{"line":152,"column":47}},"103":{"start":{"line":153,"column":6},"end":{"line":153,"column":25}},"104":{"start":{"line":154,"column":6},"end":{"line":154,"column":17}},"105":{"start":{"line":157,"column":4},"end":{"line":162,"column":5}},"106":{"start":{"line":158,"column":6},"end":{"line":158,"column":46}},"107":{"start":{"line":159,"column":6},"end":{"line":159,"column":39}},"108":{"start":{"line":160,"column":6},"end":{"line":160,"column":35}},"109":{"start":{"line":161,"column":6},"end":{"line":161,"column":15}},"110":{"start":{"line":164,"column":4},"end":{"line":169,"column":5}},"111":{"start":{"line":165,"column":6},"end":{"line":165,"column":49}},"112":{"start":{"line":165,"column":29},"end":{"line":165,"column":49}},"113":{"start":{"line":166,"column":6},"end":{"line":166,"column":47}},"114":{"start":{"line":167,"column":6},"end":{"line":167,"column":45}},"115":{"start":{"line":168,"column":6},"end":{"line":168,"column":25}},"116":{"start":{"line":171,"column":4},"end":{"line":171,"column":15}},"117":{"start":{"line":174,"column":2},"end":{"line":180,"column":4}},"118":{"start":{"line":175,"column":4},"end":{"line":179,"column":5}},"119":{"start":{"line":176,"column":6},"end":{"line":176,"column":53}},"120":{"start":{"line":176,"column":29},"end":{"line":176,"column":53}},"121":{"start":{"line":177,"column":6},"end":{"line":177,"column":47}},"122":{"start":{"line":178,"column":6},"end":{"line":178,"column":17}},"123":{"start":{"line":182,"column":2},"end":{"line":182,"column":13}},"124":{"start":{"line":185,"column":0},"end":{"line":194,"column":1}},"125":{"start":{"line":186,"column":2},"end":{"line":193,"column":3}},"126":{"start":{"line":187,"column":4},"end":{"line":187,"column":29}},"127":{"start":{"line":188,"column":4},"end":{"line":192,"column":6}},"128":{"start":{"line":189,"column":6},"end":{"line":189,"column":29}},"129":{"start":{"line":189,"column":15},"end":{"line":189,"column":29}},"130":{"start":{"line":190,"column":6},"end":{"line":190,"column":72}},"131":{"start":{"line":191,"column":6},"end":{"line":191,"column":31}},"132":{"start":{"line":196,"column":0},"end":{"line":201,"column":1}},"133":{"start":{"line":197,"column":2},"end":{"line":197,"column":19}},"134":{"start":{"line":198,"column":2},"end":{"line":198,"column":47}},"135":{"start":{"line":199,"column":2},"end":{"line":199,"column":32}},"136":{"start":{"line":199,"column":11},"end":{"line":199,"column":32}},"137":{"start":{"line":200,"column":2},"end":{"line":200,"column":10}},"138":{"start":{"line":203,"column":0},"end":{"line":246,"column":1}},"139":{"start":{"line":204,"column":2},"end":{"line":245,"column":3}},"140":{"start":{"line":205,"column":4},"end":{"line":244,"column":6}},"141":{"start":{"line":206,"column":6},"end":{"line":239,"column":7}},"142":{"start":{"line":207,"column":8},"end":{"line":207,"column":55}},"143":{"start":{"line":208,"column":8},"end":{"line":208,"column":32}},"144":{"start":{"line":209,"column":13},"end":{"line":239,"column":7}},"145":{"start":{"line":210,"column":8},"end":{"line":213,"column":10}},"146":{"start":{"line":211,"column":10},"end":{"line":211,"column":35}},"147":{"start":{"line":211,"column":19},"end":{"line":211,"column":35}},"148":{"start":{"line":212,"column":10},"end":{"line":212,"column":32}},"149":{"start":{"line":214,"column":13},"end":{"line":239,"column":7}},"150":{"start":{"line":215,"column":8},"end":{"line":238,"column":9}},"151":{"start":{"line":216,"column":10},"end":{"line":216,"column":64}},"152":{"start":{"line":217,"column":15},"end":{"line":238,"column":9}},"153":{"start":{"line":218,"column":10},"end":{"line":218,"column":56}},"154":{"start":{"line":219,"column":10},"end":{"line":219,"column":37}},"155":{"start":{"line":220,"column":10},"end":{"line":220,"column":22}},"156":{"start":{"line":223,"column":10},"end":{"line":223,"column":46}},"157":{"start":{"line":223,"column":24},"end":{"line":223,"column":46}},"158":{"start":{"line":225,"column":10},"end":{"line":235,"column":12}},"159":{"start":{"line":226,"column":12},"end":{"line":226,"column":42}},"160":{"start":{"line":227,"column":12},"end":{"line":227,"column":40}},"161":{"start":{"line":228,"column":12},"end":{"line":234,"column":14}},"162":{"start":{"line":229,"column":14},"end":{"line":229,"column":39}},"163":{"start":{"line":229,"column":23},"end":{"line":229,"column":39}},"164":{"start":{"line":230,"column":14},"end":{"line":230,"column":26}},"165":{"start":{"line":231,"column":14},"end":{"line":233,"column":15}},"166":{"start":{"line":232,"column":16},"end":{"line":232,"column":47}},"167":{"start":{"line":237,"column":10},"end":{"line":237,"column":16}},"168":{"start":{"line":240,"column":6},"end":{"line":240,"column":19}},"169":{"start":{"line":242,"column":6},"end":{"line":242,"column":29}},"170":{"start":{"line":242,"column":15},"end":{"line":242,"column":29}},"171":{"start":{"line":243,"column":6},"end":{"line":243,"column":22}},"172":{"start":{"line":248,"column":0},"end":{"line":248,"column":21}}},"branchMap":{"1":{"line":31,"type":"binary-expr","locations":[{"start":{"line":31,"column":12},"end":{"line":31,"column":19}},{"start":{"line":31,"column":23},"end":{"line":31,"column":25}}]},"2":{"line":32,"type":"binary-expr","locations":[{"start":{"line":32,"column":16},"end":{"line":32,"column":31}},{"start":{"line":32,"column":35},"end":{"line":32,"column":37}}]},"3":{"line":49,"type":"if","locations":[{"start":{"line":49,"column":6},"end":{"line":49,"column":6}},{"start":{"line":49,"column":6},"end":{"line":49,"column":6}}]},"4":{"line":61,"type":"if","locations":[{"start":{"line":61,"column":6},"end":{"line":61,"column":6}},{"start":{"line":61,"column":6},"end":{"line":61,"column":6}}]},"5":{"line":64,"type":"if","locations":[{"start":{"line":64,"column":10},"end":{"line":64,"column":10}},{"start":{"line":64,"column":10},"end":{"line":64,"column":10}}]},"6":{"line":68,"type":"if","locations":[{"start":{"line":68,"column":13},"end":{"line":68,"column":13}},{"start":{"line":68,"column":13},"end":{"line":68,"column":13}}]},"7":{"line":68,"type":"binary-expr","locations":[{"start":{"line":68,"column":17},"end":{"line":68,"column":22}},{"start":{"line":68,"column":26},"end":{"line":68,"column":45}}]},"8":{"line":73,"type":"if","locations":[{"start":{"line":73,"column":8},"end":{"line":73,"column":8}},{"start":{"line":73,"column":8},"end":{"line":73,"column":8}}]},"9":{"line":80,"type":"if","locations":[{"start":{"line":80,"column":10},"end":{"line":80,"column":10}},{"start":{"line":80,"column":10},"end":{"line":80,"column":10}}]},"10":{"line":84,"type":"if","locations":[{"start":{"line":84,"column":13},"end":{"line":84,"column":13}},{"start":{"line":84,"column":13},"end":{"line":84,"column":13}}]},"11":{"line":93,"type":"if","locations":[{"start":{"line":93,"column":8},"end":{"line":93,"column":8}},{"start":{"line":93,"column":8},"end":{"line":93,"column":8}}]},"12":{"line":98,"type":"if","locations":[{"start":{"line":98,"column":8},"end":{"line":98,"column":8}},{"start":{"line":98,"column":8},"end":{"line":98,"column":8}}]},"13":{"line":99,"type":"if","locations":[{"start":{"line":99,"column":10},"end":{"line":99,"column":10}},{"start":{"line":99,"column":10},"end":{"line":99,"column":10}}]},"14":{"line":103,"type":"if","locations":[{"start":{"line":103,"column":8},"end":{"line":103,"column":8}},{"start":{"line":103,"column":8},"end":{"line":103,"column":8}}]},"15":{"line":104,"type":"if","locations":[{"start":{"line":104,"column":10},"end":{"line":104,"column":10}},{"start":{"line":104,"column":10},"end":{"line":104,"column":10}}]},"16":{"line":110,"type":"if","locations":[{"start":{"line":110,"column":10},"end":{"line":110,"column":10}},{"start":{"line":110,"column":10},"end":{"line":110,"column":10}}]},"17":{"line":119,"type":"if","locations":[{"start":{"line":119,"column":10},"end":{"line":119,"column":10}},{"start":{"line":119,"column":10},"end":{"line":119,"column":10}}]},"18":{"line":129,"type":"binary-expr","locations":[{"start":{"line":129,"column":10},"end":{"line":129,"column":25}},{"start":{"line":129,"column":29},"end":{"line":129,"column":69}}]},"19":{"line":132,"type":"if","locations":[{"start":{"line":132,"column":12},"end":{"line":132,"column":12}},{"start":{"line":132,"column":12},"end":{"line":132,"column":12}}]},"20":{"line":146,"type":"if","locations":[{"start":{"line":146,"column":6},"end":{"line":146,"column":6}},{"start":{"line":146,"column":6},"end":{"line":146,"column":6}}]},"21":{"line":152,"type":"if","locations":[{"start":{"line":152,"column":6},"end":{"line":152,"column":6}},{"start":{"line":152,"column":6},"end":{"line":152,"column":6}}]},"22":{"line":165,"type":"if","locations":[{"start":{"line":165,"column":6},"end":{"line":165,"column":6}},{"start":{"line":165,"column":6},"end":{"line":165,"column":6}}]},"23":{"line":176,"type":"if","locations":[{"start":{"line":176,"column":6},"end":{"line":176,"column":6}},{"start":{"line":176,"column":6},"end":{"line":176,"column":6}}]},"24":{"line":189,"type":"if","locations":[{"start":{"line":189,"column":6},"end":{"line":189,"column":6}},{"start":{"line":189,"column":6},"end":{"line":189,"column":6}}]},"25":{"line":197,"type":"binary-expr","locations":[{"start":{"line":197,"column":9},"end":{"line":197,"column":13}},{"start":{"line":197,"column":17},"end":{"line":197,"column":19}}]},"26":{"line":198,"type":"cond-expr","locations":[{"start":{"line":198,"column":22},"end":{"line":198,"column":26}},{"start":{"line":198,"column":29},"end":{"line":198,"column":47}}]},"27":{"line":199,"type":"if","locations":[{"start":{"line":199,"column":2},"end":{"line":199,"column":2}},{"start":{"line":199,"column":2},"end":{"line":199,"column":2}}]},"28":{"line":206,"type":"if","locations":[{"start":{"line":206,"column":6},"end":{"line":206,"column":6}},{"start":{"line":206,"column":6},"end":{"line":206,"column":6}}]},"29":{"line":209,"type":"if","locations":[{"start":{"line":209,"column":13},"end":{"line":209,"column":13}},{"start":{"line":209,"column":13},"end":{"line":209,"column":13}}]},"30":{"line":211,"type":"if","locations":[{"start":{"line":211,"column":10},"end":{"line":211,"column":10}},{"start":{"line":211,"column":10},"end":{"line":211,"column":10}}]},"31":{"line":214,"type":"if","locations":[{"start":{"line":214,"column":13},"end":{"line":214,"column":13}},{"start":{"line":214,"column":13},"end":{"line":214,"column":13}}]},"32":{"line":215,"type":"if","locations":[{"start":{"line":215,"column":8},"end":{"line":215,"column":8}},{"start":{"line":215,"column":8},"end":{"line":215,"column":8}}]},"33":{"line":217,"type":"if","locations":[{"start":{"line":217,"column":15},"end":{"line":217,"column":15}},{"start":{"line":217,"column":15},"end":{"line":217,"column":15}}]},"34":{"line":218,"type":"cond-expr","locations":[{"start":{"line":218,"column":32},"end":{"line":218,"column":45}},{"start":{"line":218,"column":48},"end":{"line":218,"column":56}}]},"35":{"line":223,"type":"if","locations":[{"start":{"line":223,"column":10},"end":{"line":223,"column":10}},{"start":{"line":223,"column":10},"end":{"line":223,"column":10}}]},"36":{"line":229,"type":"if","locations":[{"start":{"line":229,"column":14},"end":{"line":229,"column":14}},{"start":{"line":229,"column":14},"end":{"line":229,"column":14}}]},"37":{"line":231,"type":"if","locations":[{"start":{"line":231,"column":14},"end":{"line":231,"column":14}},{"start":{"line":231,"column":14},"end":{"line":231,"column":14}}]},"38":{"line":242,"type":"if","locations":[{"start":{"line":242,"column":6},"end":{"line":242,"column":6}},{"start":{"line":242,"column":6},"end":{"line":242,"column":6}}]}},"code":["'use strict'","","var objectAssign = require('./lib/util').objectAssign","var compact = require('./lib/util').compact","var isArray = require('./lib/util').isArray","var absolutes = require('./lib/absolutes')","var streamHelper = require('./lib/stream')","var isUrl = require('./lib/util').isUrl","var Crawler = require('x-ray-crawler')","var resolve = require('./lib/resolve')","var root = require('./lib/util').root","var params = require('./lib/params')","var debug = require('debug')('x-ray')","var cheerio = require('cheerio')","var enstore = require('enstore')","var walk = require('./lib/walk')","var fs = require('fs')","","var CONST = {","  CRAWLER_METHODS: ['concurrency', 'throttle', 'timeout', 'driver', 'delay', 'limit'],","  INIT_STATE: {","    stream: false,","    concurrency: Infinity,","    paginate: false,","    limit: Infinity","  }","}","","function Xray (options) {","  var crawler = Crawler()","  options = options || {}","  var filters = options.filters || {}","","  function xray (source, scope, selector) {","    var args = params(source, scope, selector)","    selector = args.selector","    source = args.source","    scope = args.context","","    var state = objectAssign({}, CONST.INIT_STATE)","    var store = enstore()","    var pages = []","    var stream","","    var walkHTML = WalkHTML(xray, selector, scope, filters)","    var request = Request(crawler)","","    function node (source2, fn) {","      if (arguments.length === 1) {","        fn = source2","      } else {","        source = source2","      }","","      debug('params: %j', {","        source: source,","        scope: scope,","        selector: selector","      })","","      if (isUrl(source)) {","        debug('starting at: %s', source)","        request(source, function (err, html) {","          if (err) return next(err)","          var $ = load(html, source)","          walkHTML($, next)","        })","      } else if (scope && ~scope.indexOf('@')) {","        debug('resolving to a url: %s', scope)","        var url = resolve(source, false, scope, filters)","","        // ensure that a@href is a URL","        if (!isUrl(url)) {","          debug('%s is not a url. Skipping!', url)","          return walkHTML(load(''), next)","        }","","        debug('resolved \"%s\" to a %s', scope, url)","        request(url, function (err, html) {","          if (err) return next(err)","          var $ = load(html, url)","          walkHTML($, next)","        })","      } else if (source) {","        var $ = load(source)","        walkHTML($, next)","      } else {","        debug('%s is not a url or html. Skipping!', source)","        return walkHTML(load(''), next)","      }","","      function next (err, obj, $) {","        if (err) return fn(err)","        var paginate = state.paginate","        var limit = --state.limit","","        // create the stream","        if (!stream) {","          if (paginate) stream = streamHelper.array(state.stream)","          else stream = streamHelper.object(state.stream)","        }","","        if (paginate) {","          if (isArray(obj)) {","            pages = pages.concat(obj)","          } else {","            pages.push(obj)","          }","","          if (limit <= 0) {","            debug('reached limit, ending')","            stream(obj, true)","            return fn(null, pages)","          }","","          var url = resolve($, false, paginate, filters)","          debug('paginate(%j) => %j', paginate, url)","","          if (!isUrl(url)) {","            debug('%j is not a url, finishing up', url)","            stream(obj, true)","            return fn(null, pages)","          }","","          stream(obj)","","          // debug","          debug('paginating %j', url)","          isFinite(limit) && debug('%s page(s) left to crawl', limit)","","          request(url, function (err, html) {","            if (err) return next(err)","            var $ = load(html, url)","            walkHTML($, next)","          })","        } else {","          stream(obj, true)","          fn(null, obj)","        }","      }","","      return node","    }","","    node.paginate = function (paginate) {","      if (!arguments.length) return state.paginate","      state.paginate = paginate","      return node","    }","","    node.limit = function (limit) {","      if (!arguments.length) return state.limit","      state.limit = limit","      return node","    }","","    node.stream = function () {","      state.stream = store.createWriteStream()","      var rs = store.createReadStream()","      streamHelper.waitCb(rs, node)","      return rs","    }","","    node.write = function (path) {","      if (!arguments.length) return node.stream()","      state.stream = fs.createWriteStream(path)","      streamHelper.waitCb(state.stream, node)","      return state.stream","    }","","    return node","  }","","  CONST.CRAWLER_METHODS.forEach(function (method) {","    xray[method] = function () {","      if (!arguments.length) return crawler[method]()","      crawler[method].apply(crawler, arguments)","      return this","    }","  })","","  return xray","}","","function Request (crawler) {","  return function request (url, fn) {","    debug('fetching %s', url)","    crawler(url, function (err, ctx) {","      if (err) return fn(err)","      debug('got response for %s with status code: %s', url, ctx.status)","      return fn(null, ctx.body)","    })","  }","}","","function load (html, url) {","  html = html || ''","  var $ = html.html ? html : cheerio.load(html)","  if (url) $ = absolutes(url, $)","  return $","}","","function WalkHTML (xray, selector, scope, filters) {","  return function walkHTML ($, fn) {","    walk(selector, function (v, k, next) {","      if (typeof v === 'string') {","        var value = resolve($, root(scope), v, filters)","        return next(null, value)","      } else if (typeof v === 'function') {","        return v($, function (err, obj) {","          if (err) return next(err)","          return next(null, obj)","        })","      } else if (isArray(v)) {","        if (typeof v[0] === 'string') {","          return next(null, resolve($, root(scope), v, filters))","        } else if (typeof v[0] === 'object') {","          var $scope = $.find ? $.find(scope) : $(scope)","          var pending = $scope.length","          var out = []","","          // Handle the empty result set (thanks @jenbennings!)","          if (!pending) return next(null, out)","","          $scope.each(function (i, el) {","            var $innerscope = $scope.eq(i)","            var node = xray(scope, v[0])","            node($innerscope, function (err, obj) {","              if (err) return next(err)","              out[i] = obj","              if (!--pending) {","                return next(null, compact(out))","              }","            })","          })","          // Nested crawling broken on 'master'. When to merge 'bugfix/nested-crawling' #111, Needed to exit this without calling next, the problem was that it returned to the \"finished\" callback before it had retrived all pending request. it should wait for \"return next(null, compact(out))\"","          return","        }","      }","      return next()","    }, function (err, obj) {","      if (err) return fn(err)","      fn(null, obj, $)","    })","  }","}","","module.exports = Xray",""],"l":{"3":1,"4":1,"5":1,"6":1,"7":1,"8":1,"9":1,"10":1,"11":1,"12":1,"13":1,"14":1,"15":1,"16":1,"17":1,"19":1,"29":1,"30":0,"31":0,"32":0,"34":1,"35":0,"36":0,"37":0,"38":0,"40":0,"41":0,"42":0,"43":0,"45":0,"46":0,"48":1,"49":0,"50":0
[...]
ct($, scope)","    var out = []","    $scope.map(function (i) {","      var $el = $scope.eq(i)","      var $children = select($el, selector[0])","      $children.map(function (i) {","        out.push(attribute($children.eq(i), attr))","      })","    })","    return out","  } else if (scope) {","    $scope = select($, scope)","    return attribute($scope.find(selector).eq(0), attr)","  } else {","    var $selector","    if (isArray(selector)) {","      $selector = select($, selector[0])","      out = []","      $selector.map(function (i) {","        out.push(attribute($selector.eq(i), attr))","      })","      return out","    } else {","      $selector = select($, selector)","      return attribute($selector.eq(0), attr)","    }","  }","}","","/**"," * Selector abstraction, deals"," * with various instances of $"," *"," * @param {Cheerio} $"," * @param {String} selector"," * @return {Cheerio}"," */","","function select ($, selector) {","  if ($.is && $.is(selector)) return $","  return $.find ? $.find(selector) : $(selector)","}","","/**"," * Select the attribute based on `attr`"," *"," * @param {Cheerio} $"," * @param {String} attr"," * @return {String}"," */","","function attribute ($el, attr) {","  switch (attr) {","    case 'html':","      return $el.html()","    case 'text':","      return $el.text()","    default:","      return $el.attr(attr)","  }","}","","/**"," * Filter the value(s)"," *"," * @param {Object} obj"," * @param {Cheerio} $"," * @param {String} scope"," * @param {String|Array} selector"," * @param {Object} filters"," * @return {Array|String}"," */","","function filter (obj, $, scope, selector, value, filters) {","  var ctx = { $: $, selector: obj.selector, attribute: obj.attribute }","  return (obj.filters || []).reduce(function (out, filter) {","    var fn = filters[filter.name]","    if (typeof fn === 'function') {","      var args = [out].concat(filter.args || [])","      var filtered = fn.apply(ctx, args)","      debug('%s.apply(ctx, %j) => %j', filter.name, args, filtered)","      return filtered","    } else {","      throw new Error('Invalid filter: ' + filter.name)","    }","  }, value)","}",""],"l":{"5":1,"6":1,"7":1,"13":1,"25":1,"26":0,"27":0,"28":0,"29":0,"30":0,"32":0,"33":0,"34":0,"37":0,"38":0,"40":0,"41":0,"42":0,"45":0,"48":0,"61":1,"62":0,"63":0,"64":0,"65":0,"66":0,"67":0,"68":0,"69":0,"72":0,"73":0,"74":0,"75":0,"77":0,"78":0,"79":0,"80":0,"81":0,"82":0,"84":0,"86":0,"87":0,"101":1,"102":0,"103":0,"114":1,"115":0,"117":0,"119":0,"121":0,"136":1,"137":0,"138":0,"139":0,"140":0,"141":0,"142":0,"143":0,"144":0,"146":0}},"/home/travis/build/npmtest/node-npmtest-x-ray/node_modules/x-ray-parse/index.js":{"path":"/home/travis/build/npmtest/node-npmtest-x-ray/node_modules/x-ray-parse/index.js","s":{"1":1,"2":1,"3":1,"4":1,"5":1,"6":0,"7":0,"8":0,"9":0},"b":{"1":[0,0],"2":[0,0],"3":[0,0]},"f":{"1":0},"fnMap":{"1":{"name":"parse","line":27,"loc":{"start":{"line":27,"column":1},"end":{"line":27,"column":21}}}},"statementMap":{"1":{"start":{"line":5,"column":0},"end":{"line":5,"column":23}},"2":{"start":{"line":11,"column":0},"end":{"line":11,"column":45}},"3":{"start":{"line":17,"column":0},"end":{"line":17,"column":46}},"4":{"start":{"line":18,"column":0},"end":{"line":18,"column":32}},"5":{"start":{"line":27,"column":1},"end":{"line":37,"column":1}},"6":{"start":{"line":28,"column":2},"end":{"line":28,"column":36}},"7":{"start":{"line":29,"column":2},"end":{"line":29,"column":26}},"8":{"start":{"line":30,"column":2},"end":{"line":30,"column":35}},"9":{"start":{"line":32,"column":2},"end":{"line":36,"column":3}}},"branchMap":{"1":{"line":30,"type":"binary-expr","locations":[{"start":{"line":30,"column":10},"end":{"line":30,"column":28}},{"start":{"line":30,"column":32},"end":{"line":30,"column":34}}]},"2":{"line":33,"type":"cond-expr","locations":[{"start":{"line":33,"column":21},"end":{"line":33,"column":32}},{"start":{"line":33,"column":35},"end":{"line":33,"column":39}}]},"3":{"line":35,"type":"cond-expr","locations":[{"start":{"line":35,"column":30},"end":{"line":35,"column":62}},{"start":{"line":35,"column":65},"end":{"line":35,"column":67}}]}},"code":["/**"," * Export `parse`"," */","","module.exports = parse;","","/**"," * Module Dependencies"," */","","var filter_parser = require('format-parser');","","/**"," * Regexps"," */","","var rselector = /^([^@]*)(?:@\\s*([\\w-_]+))?$/;","var rfilters = /\\s*\\|(?!\\=)\\s*/;","","/**"," * Initialize `parse`"," *"," * @param {String}"," * @return {Object}"," */",""," function parse(str) {","  var filters = str.split(rfilters);","  var z = filters.shift();","  var m = z.match(rselector) || [];","","  return {","    selector: m[1] ? m[1].trim() : m[1],","    attribute: m[2],","    filters: filters.length ? filter_parser(filters.join('|')) : []","  }","}",""],"l":{"5":1,"11":1,"17":1,"18":1,"27":1,"28":0,"29":0,"30":0,"32":0}},"/home/travis/build/npmtest/node-npmtest-x-ray/node_modules/x-ray/lib/params.js":{"path":"/home/travis/build/npmtest/node-npmtest-x-ray/node_modules/x-ray/lib/params.js","s":{"1":1,"2":1,"3":1,"4":1,"5":0,"6":0,"7":0,"8":0,"9":0,"10":0,"11":0,"12":0,"13":0,"14":0,"15":0,"16":0,"17":0,"18":0,"19":0,"20":0},"b":{"1":[0,0],"2":[0,0],"3":[0,0],"4":[0,0,0]},"f":{"1":0},"fnMap":{"1":{"name":"params","line":23,"loc":{"start":{"line":23,"column":0},"end":{"line":23,"column":44}}}},"statementMap":{"1":{"start":{"line":5,"column":0},"end":{"line":5,"column":37}},"2":{"start":{"line":6,"column":0},"end":{"line":6,"column":35}},"3":{"start":{"line":12,"column":0},"end":{"line":12,"column":23}},"4":{"start":{"line":23,"column":0},"end":{"line":45,"column":1}},"5":{"start":{"line":24,"column":2},"end":{"line":24,"column":15}},"6":{"start":{"line":25,"column":2},"end":{"line":42,"column":3}},"7":{"start":{"line":26,"column":4},"end":{"line":26,"column":22}},"8":{"start":{"line":27,"column":4},"end":{"line":27,"column":23}},"9":{"start":{"line":28,"column":4},"end":{"line":28,"column":26}},"10":{"start":{"line":29,"column":9},"end":{"line":42,"column":3}},"11":{"start":{"line":30,"column":4},"end":{"line":36,"column":5}},"12":{"start":{"line":31,"column":6},"end":{"line":31,"column":26}},"13":{"start":{"line":32,"column":6},"end":{"line":32,"column":25}},"14":{"start":{"line":34,"column":6},"end":{"line":34,"column":24}},"15":{"start":{"line":35,"column":6},"end":{"line":35,"column":27}},"16":{"start":{"line":37,"column":4},"end":{"line":37,"column":27}},"17":{"start":{"line":39,"column":4},"end":{"line":39,"column":24}},"18":{"start":{"line":40,"column":4},"end":{"line":40,"column":26}},"19":{"start":{"line":41,"column":4},"end":{"line":41,"column":28}},"20":{"start":{"line":44,"column":2},"end":{"line":44,"column":13}}},"branchMap":{"1":{"line":25,"type":"if","locations":[{"start":{"line":25,"column":2},"end":{"line":25,"column":2}},{"start":{"line":25,"column":2},"end":{"line":25,"column":2}}]},"2":{"line":29,"type":"if","locations":[{"start":{"line":29,"column":9},"end":{"line":29,"column":9}},{"start":{"line":29,"column":9},"end":{"line":29,"column":9}}]},"3":{"line":30,"type":"if","locations":[{"start":{"line":30,"column":4},"end":{"line":30,"column":4}},{"start":{"line":30,"column":4},"end":{"line":30,"column":4}}]},"4":{"line":30,"type":"binary-expr","locations":[{"start":{"line":30,"column":8},"end":{"line":30,"column":21}},{"start":{"line":30,"column":25},"end":{"line":30,"column":36}},{"start":{"line":30,"column":40},"end":{"line":30,"column":54}}]}},"code":["/**"," * Module Dependencies"," */","","var isHTML = require('./util').isHTML","var isUrl = require('./util').isUrl","","/**"," * Export `params`"," */","","module.exports = params","","/**"," * Sort out the parameters"," *"," * @param {String|Array|Object} source"," * @param {String|Array|Object} context"," * @param {String|Array|Object} selector"," * @return {Object}"," */","","function params (source, context, selector) {","  var args = {}","  if (undefined === context) {","    args.source = null","    args.context = null","    args.selector = source","  } else if (undefined === selector) {","    if (isUrl(source) || source.html || isHTML(source)) {","      args.source = source","      args.context = null","    } else {","      args.source = null","      args.context = source","    }","    args.selector = context","  } else {","    args.source = source","    args.context = context","    args.selector = selector","  }","","  return args","}",""],"l":{"5":1,"6":1,"12":1,"23":1,"24":0,"25":0,"26":0,"27":0,"28":0,"29":0,"30":0,"31":0,"32":0,"34":0,"35":0,"37":0,"39":0,"40":0,"41":0,"44":0}},"/home/travis/build/npmtest/node-npmtest-x-ray/node_modules/x-ray/lib/walk.js":{"path":"/home/travis/build/npmtest/node-npmtest-x-ray/node_modules/x-ray/lib/walk.js","s":{"1":1,"2":1,"3":1,"4":1,"5":0,"6":0,"7":0,"8":0,"9":0,"10":0,"11":0,"12":0,"13":0,"14":0,"15":0,"16":0,"17":0,"18":0,"19":0,"20":0,"21":0,"22":0,"23":0,"24":0,"25":0,"26":0,"27":0,"28":0},"b":{"1":[0,0],"2":[0,0],"3":[0,0],"4":[0,0],"5":[0,0],"6":[0,0]},"f":{"1":0,"2":0,"3":0,"4":0,"5":0,"6":0,"7":0},"fnMap":{"1":{"name":"walk","line":24,"loc":{"start":{"line":24,"column":0},"end":{"line":24,"column":37}}},"2":{"name":"(anonymous_2)","line":30,"loc":{"start":{"line":30,"column":31},"end":{"line":30,"column":44}}},"3":{"name":"(anonymous_3)","line":32,"loc":{"start":{"line":32,"column":17},"end":{"line":32,"column":33}}},"4":{"name":"(anonymous_4)","line":33,"loc":{"start":{"line":33,"column":20},"end":{"line":33,"column":42}}},"5":{"name":"(anonymous_5)","line":45,"loc":{"start":{"line":45,"column":15},"end":{"line":45,"column":31}}},"6":{"name":"(anonymous_6)","line":46,"loc":{"start":{"line":46,"column":21},"end":{"line":46,"column":39}}},"7":{"name":"(anonymous_7)","line":54,"loc":{"start":{"line":54,"column":12},"end":{"line":54,"column":27}}}},"statementMap":{"1":{"start":{"line":5,"column":0},"end":{"line":5,"column":41}},"2":{"start":{"line":6,"column":0},"end":{"line":6,"column":28}},"3":{"start":{"line":12,"column":0},"end":{"line":12,"column":21}},"4":{"start":{"line":24,"column":0},"end":{"line":58,"column":1}},"5":{"start":{"line":25,"column":2},"end":{"line":25,"column":21}},"6":{"start":{"line":26,"column":2},"end":{"line":26,"column":9}},"7":{"start":{"line":28,"column":2},"end":{"line":52,"column":3}},"8":{"start":{"line":29,"column":4},"end":{"line":29,"column":12}},"9":{"start":{"line":30,"column":4},"end":{"line":42,"column":6}},"10":{"start":{"line":31,"column":6},"end":{"line":31,"column":22}},"11":{"start":{"line":32,"column":6},"end":{"line":41,"column":8}},"12":{"start":{"line":33,"column":8},"end":{"line":40,"column":13}},"13":{"start":{"line":34,"column":10},"end":{"line":34,"column":35}},"14":{"start":{"line":34,"column":19},"end":{"line":34,"column":35}},"15":{"start":{"line":36,"column":10},"end":{"line":38,"column":11}},"16":{"start":{"line":37,"column":12},"end":{"line":37,"column":26}},"17":{"start":{"line":39,"column":10},"end":{"line":39,"column":16}},"18":{"start":{"line":44,"column":4},"end":{"line":44,"column":14}},"19":{"start":{"line":45,"column":4},"end":{"line":51,"column":6}},"20":{"start":{"line":46,"column":6},"end":{"line":50,"column":8}},"21":{"start":{"line":47,"column":8},"end":{"line":47,"column":33}},"22":{"start":{"line":47,"column":17},"end":{"line":47,"column":33}},"23":{"start":{"line":48,"column":8},"end":{"line":48,"column":15}},"24":{"start":{"line":49,"column":8},"end":{"line":49,"column":14}},"25":{"start":{"line":54,"column":2},"end":{"line":57,"column":4}},"26":{"start":{"line":55,"column":4},"end":{"line":55,"column":29}},"27":{"start":{"line":55,"column":13},"end":{"line":55,"column":29}},"28":{"start":{"line":56,"column":4},"end":{"line":56,"column":26}}},"branchMap":{"1":{"line":28,"type":"if","locations":[{"start":{"line":28,"column":2},"end":{"line":28,"column":2}},{"start":{"line":28,"column":2},"end":{"line":28,"column":2}}]},"2":{"line":34,"type":"if","locations":[{"start":{"line":34,"column":10},"end":{"line":34,"column":10}},{"start":{"line":34,"column":10},"end":{"line":34,"column":10}}]},"3":{"line":36,"type":"if","locations":[{"start":{"line":36,"column":10},"end":{"line":36,"column":10}},{"start":{"line":36,"column":10},"end":{"line":36,"column":10}}]},"4":{"line":36,"type":"binary-expr","locations":[{"start":{"line":36,"column":14},"end":{"line":36,"column":33}},{"start":{"line":36,"column":37},"end":{"line":36,"column":49}}]},"5":{"line":47,"type":"if","locations":[{"start":{"line":47,"column":8},"end":{"line":47,"column":8}},{"start":{"line":47,"column":8},"end":{"line":47,"column":8}}]},"6":{"line":55,"type":"if","locations":[{"start":{"line":55,"column":4},"end":{"line":55,"column":4}},{"start":{"line":55,"column":4},"end":{"line":55,"column":4}}]}},"code":["/**"," * Module Dependencies"," */","","var isObject = require('./util').isObject","var Batch = require('batch')","","/**"," * Walk"," */","","module.exports = walk","","/**"," * Walk recursively, providing"," * callbacks for each step."," *"," * @param {Mixed} value"," * @param {Function} fn"," * @param {Function} done"," * @param {String} key (private)"," */","","function walk (value, fn, done, key) {","  var batch = Batch()","  var out","","  if (isObject(value)) {","    out = {}","    Object.keys(value).forEach(function (k) {","      var v = value[k]","      batch.push(function (next) {","        walk(v, fn, function (err, value) {","          if (err) return next(err)","          // ignore undefined values","          if (undefined !== value && value !== '') {","            out[k] = value","          }","          next()","        }, k)","      })","    })","  } else {","    out = null","    batch.push(function (next) {","      fn(value, key, function (err, v) {","        if (err) return next(err)","        out = v","        next()","      })","    })","  }","","  batch.end(function (err) {","    if (err) return done(err)","    return done(null, out)","  })","}",""],"l":{"5":1,"6":1,"12":1,"24":1,"25":0,"26":0,"28":0,"29":0,"30":0,"31":0,"32":0,"33":0,"34":0,"36":0,"37":0,"39":0,"44":0,"45":0,"46":0,"47":0,"48":0,"49":0,"54":0,"55":0,"56":0}},"/home/travis/build/npmtest/node-npmtest-x-ray/node_modules/x-ray/lib/adapter.js":{"path":"/home/travis/build/npmtest/node-npmtest-x-ray/node_modules/x-ray/lib/adapter.js","s":{"1":2,"2":2,"3":0,"4":0,"5":1,"6":0,"7":0,"8":0,"9":0,"10":0,"11":0,"12":0,"13":0,"14":0,"15":0,"16":0,"17":0,"18":0,"19":0,"20":0,"21":0,"22":0,"23":0,"24":0,"25":0,"26":0,"27":0,"28":0,"29":0,"30":0,"31":0,"32":0,"33":0,"34":0,"35":0},"b":{"1":[0,0]},"f":{"1":0,"2":0,"3":0,"4":0,"5":0,"6":0,"7":0,"8":0},"fnMap":{"1":{"name":"Adapter","line":26,"loc":{"start":{"line":26,"column":0},"end":{"line":26,"column":26}}},"2":{"name":"(anonymous_2)","line":37,"loc":{"start":{"line":37,"column":24},"end":{"line":37,"column":51}}},"3":{"name":"(anonymous_3)","line":53,"loc":{"start":{"line":53,"column":25},"end":{"line":53,"column":38}}},"4":{"name":"(anonymous_4)","line":56,"loc":{"start":{"line":56,"column":21},"end":{"line":56,"column":32}}},"5":{"name":"(anonymous_5)","line":68,"loc":{"start":{"line":68,"column":26},"end":{"line":68,"column":49}}},"6":{"name":"(anonymous_6)","line":79,"loc":{"start":{"line":79,"column":25},"end":{"line":79,"column":44}}},"7":{"name":"(anonymous_7)","line":90,"loc":{"start":{"line":90,"column":24},"end":{"line":90,"column":37}}},"8":{"name":"(anonymous_8)","line":101,"loc":{"start":{"line":101,"column":26},"end":{"line":101,"column":39}}}},"statementMap":{"1":{"start":{"line":5,"column":0},"end":{"line":5,"column":37}},"2":{"start":{"line":6,"column":0},"end":{"line":6,"column":36}},"3":{"start":{"line":12,"column":0},"end":{"line":12,"column":25}},"4":{"start":{"line":18,"column":0},"end":{"line":18,"column":17}},"5":{"start":{"line":26,"column":0},"end":{"line":31,"column":1}},"6":{"start":{"line":27,"column":2},"end":{"line":27,"column":61}},"7":{"start":{"line":27,"column":34},"end":{"line":27,"column":61}},"8":{"start":{"line":28,"column":2},"end":{"line":30,"column":14}},"9":{"start":{"line":37,"column":0},"end":{"line":47,"column":2}},"10":{"start":{"line":38,"column":2},"end":{"line":38,"column":38}},"11":{"start":{"line":40,"column":2},"end":{"line":42,"column":14}},"12":{"start":{"line":44,"column":2},"end":{"line":44,"column":6}},"13":{"start":{"line":46,"column":2},"end":{"line":46,"column":13}},"14":{"start":{"line":53,"column":0},"end":{"line":62,"column":2}},"15":{"start":{"line":54,"column":2},"end":{"line":54,"column":38}},"16":{"start":{"line":56,"column":2},"end":{"line":58,"column":4}},"17":{"start":{"line":57,"column":4},"end":{"line":57,"column":45}},"18":{"start":{"line":60,"column":2},"end":{"line":60,"column":19}},"19":{"start":{"line":61,"column":2},"end":{"line":61,"column":13}},"20":{"start":{"line":68,"column":0},"end":{"line":73,"column":2}},"21":{"start":{"line":69,"column":2},"end":{"line":69,"column":38}},"22":{"start":{"line":70,"column":2},"end":{"line":70,"column":27}},"23":{"start":{"line":71,"column":2},"end":{"line":71,"column":25}},"24":{"start":{"line":72,"column":2},"end":{"line":72,"column":19}},"25":{"start":{"line":79,"column":0},"end":{"line":83,"column":2}},"26":{"start":{"line":80,"column":2},"end":{"line":80,"column":38}},"27":{"start":{"line":81,"column":2},"end":{"line":81,"column":22}},"28":{"start":{"line":82,"column":2},"end":{"line":82,"column":19}},"29":{"start":{"line":90,"column":0},"end":{"line":93,"column":2}},"30":{"start":{"line":91,"column":2},"end":{"line":91,"column":38}},"31":{"start":{"line":92,"column":2},"end":{"line":92,"column":19}},"32":{"start":{"line":101,"column":0},"end":{"line":105,"column":2}},"33":{"start":{"line":102,"column":2},"end":{"line":102,"column":38}},"34":{"start":{"line":103,"column":2},"end":{"line":103,"column":19}},"35":{"start":{"line":104,"column":2},"end":{"line":104,"column":13}}},"branchMap":{"1":{"line":27,"type":"if","locations":[{"start":{"line":27,"column":2},"end":{"line":27,"column":2}},{"start":{"line":27,"column":2},"end":{"line":27,"column":2}}]}},"code":["/**"," * Module dependencies"," */","","var assign = require('object-assign')","var Nightmare = require('nightmare')","","/**"," * Export `Adapter`"," */","","module.exports = Adapter;","","/**"," * Defaults"," */","","var defaults = {}","","/**"," * Initialize `Adapter`"," *"," * @param {Object} options"," */","","function Adapter(options) {","  if (!(this instanceof Adapter)) return new Adapter(options)","  this.state = assign(defaults, {","    nightmare: new Nightmare()","  }, options);","}","","/**"," * get"," */","","Adapter.prototype.get = function(url, headers, fn) {","  var nightmare = this.state.nightmare","","  nightmare","    // .headers(headers)","    .goto(url)","","  fn()","","  return this","};","","/**"," * Get the html"," */","","Adapter.prototype.html = function(fn) {","  var nightmare = this.state.nightmare","","  nightmare.evaluate(function() {","    return document.documentElement.outerHTML","  })","","  nightmare.run(fn)","  return this","};","","/**"," * click"," */","","Adapter.prototype.click = function(selector, fn) {","  var nightmare = this.state.nightmare","  nightmare.click(selector)","  nightmare.wait('title')","  nightmare.run(fn)","};","","/**"," * wait"," */","","Adapter.prototype.wait = function(wait, fn) {","  var nightmare = this.state.nightmare","  nightmare.wait(wait)","  nightmare.run(fn)","};","","","/**"," * run"," */","","Adapter.prototype.run = function(fn) {","  var nightmare = this.state.nightmare","  nightmare.run(fn)","};","","","","/**"," * close"," */","","Adapter.prototype.close = function(fn) {","  var nightmare = this.state.nightmare","  nightmare.end(fn)","  return this","};",""],"l":{"5":2,"6":2,"12":0,"18":0,"26":1,"27":0,"28":0,"37":0,"38":0,"40":0,"44":0,"46":0,"53":0,"54":0,"56":0,"57":0,"60":0,"61":0,"68":0,"69":0,"70":0,"71":0,"72":0,"79":0,"80":0,"81":0,"82":0,"90":0,"91":0,"92":0,"101":0,"102":0,"103":0,"104":0}}}